#
# There is insufficient memory for the Java Runtime Environment to continue.
# Native memory allocation (malloc) failed to allocate 1211376 bytes for Chunk::new
# Possible reasons:
#   The system is out of physical RAM or swap space
#   The process is running with CompressedOops enabled, and the Java Heap may be blocking the growth of the native heap
# Possible solutions:
#   Reduce memory load on the system
#   Increase physical memory or swap space
#   Check if swap backing store is full
#   Decrease Java heap size (-Xmx/-Xms)
#   Decrease number of Java threads
#   Decrease Java thread stack sizes (-Xss)
#   Set larger code cache with -XX:ReservedCodeCacheSize=
#   JVM is running with Unscaled Compressed Oops mode in which the Java heap is
#     placed in the first 4GB address space. The Java Heap base address is the
#     maximum limit for the native heap growth. Please use -XX:HeapBaseMinAddress
#     to set the Java Heap base and to place the Java Heap above 4GB virtual address.
# This output file may be truncated or incomplete.
#
#  Out of Memory Error (./src/hotspot/share/memory/arena.cpp:197), pid=3964, tid=12908
#
# JRE version: OpenJDK Runtime Environment Temurin-11.0.13+8 (11.0.13+8) (build 11.0.13+8)
# Java VM: OpenJDK 64-Bit Server VM Temurin-11.0.13+8 (11.0.13+8, mixed mode, tiered, compressed oops, g1 gc, windows-amd64)
# No core dump will be written. Minidumps are not enabled by default on client versions of Windows
#

---------------  S U M M A R Y ------------

Command Line: --add-opens=java.base/java.util=ALL-UNNAMED --add-opens=java.base/java.lang=ALL-UNNAMED --add-opens=java.base/java.lang.invoke=ALL-UNNAMED --add-opens=java.base/java.util=ALL-UNNAMED --add-opens=java.prefs/java.util.prefs=ALL-UNNAMED --add-opens=java.prefs/java.util.prefs=ALL-UNNAMED --add-opens=java.base/java.nio.charset=ALL-UNNAMED --add-opens=java.base/java.net=ALL-UNNAMED --add-opens=java.base/java.util.concurrent.atomic=ALL-UNNAMED -XX:MaxMetaspaceSize=256m -XX:+HeapDumpOnOutOfMemoryError -Xms256m -Xmx512m -Dfile.encoding=utf8 -Duser.country=US -Duser.language=en -Duser.variant org.gradle.launcher.daemon.bootstrap.GradleDaemon 7.3.3

Host: AMD 3015e with Radeon Graphics                 , 4 cores, 3G,  Windows 10 , 64 bit Build 19041 (10.0.19041.1348)
Time: Sat Feb 26 11:17:44 2022 Eastern Standard Time elapsed time: 14.061273 seconds (0d 0h 0m 14s)

---------------  T H R E A D  ---------------

Current thread (0x000001c2e3af3800):  JavaThread "C2 CompilerThread0" daemon [_thread_in_native, id=12908, stack(0x0000000bb1300000,0x0000000bb1400000)]


Current CompileTask:
C2:  14061 2013   !   4       java.lang.ClassLoader::loadClass (122 bytes)

Stack: [0x0000000bb1300000,0x0000000bb1400000]
Native frames: (J=compiled Java code, j=interpreted, Vv=VM code, C=native code)
V  [jvm.dll+0x61cc7a]
V  [jvm.dll+0x7a8fd9]
V  [jvm.dll+0x7aa69f]
V  [jvm.dll+0x7aad73]
V  [jvm.dll+0x24f808]
V  [jvm.dll+0xc260c]
V  [jvm.dll+0xc2bcc]
V  [jvm.dll+0x358122]
V  [jvm.dll+0x19e3a9]
V  [jvm.dll+0x208aa2]
V  [jvm.dll+0x207b7d]
V  [jvm.dll+0x18a011]
V  [jvm.dll+0x217599]
V  [jvm.dll+0x21578b]
V  [jvm.dll+0x76ba50]
V  [jvm.dll+0x7649d4]
V  [jvm.dll+0x61bb16]
C  [ucrtbase.dll+0x21bb2]
C  [KERNEL32.DLL+0x17034]
C  [ntdll.dll+0x52651]


---------------  P R O C E S S  ---------------

Threads class SMR info:
_java_thread_list=0x000001c2e44c8190, length=23, elements={
0x000001c2c8242000, 0x000001c2e3178800, 0x000001c2e317b800, 0x000001c2e319c000,
0x000001c2e319e000, 0x000001c2e319f000, 0x000001c2e3af3800, 0x000001c2e31ab800,
0x000001c2e3b4c000, 0x000001c2e3c48000, 0x000001c2e54e8000, 0x000001c2e4811000,
0x000001c2e52f0000, 0x000001c2e4a5f800, 0x000001c2e4bab000, 0x000001c2e5be1000,
0x000001c2e542c800, 0x000001c2e5631000, 0x000001c2e3bad800, 0x000001c2e4708000,
0x000001c2e3fac000, 0x000001c2e3fac800, 0x000001c2e3fa7000
}

Java Threads: ( => current thread )
  0x000001c2c8242000 JavaThread "main" [_thread_blocked, id=12020, stack(0x0000000bb0700000,0x0000000bb0800000)]
  0x000001c2e3178800 JavaThread "Reference Handler" daemon [_thread_blocked, id=3036, stack(0x0000000bb0e00000,0x0000000bb0f00000)]
  0x000001c2e317b800 JavaThread "Finalizer" daemon [_thread_blocked, id=7024, stack(0x0000000bb0f00000,0x0000000bb1000000)]
  0x000001c2e319c000 JavaThread "Signal Dispatcher" daemon [_thread_blocked, id=1176, stack(0x0000000bb1000000,0x0000000bb1100000)]
  0x000001c2e319e000 JavaThread "Attach Listener" daemon [_thread_blocked, id=13120, stack(0x0000000bb1100000,0x0000000bb1200000)]
  0x000001c2e319f000 JavaThread "Service Thread" daemon [_thread_blocked, id=12928, stack(0x0000000bb1200000,0x0000000bb1300000)]
=>0x000001c2e3af3800 JavaThread "C2 CompilerThread0" daemon [_thread_in_native, id=12908, stack(0x0000000bb1300000,0x0000000bb1400000)]
  0x000001c2e31ab800 JavaThread "C1 CompilerThread0" daemon [_thread_blocked, id=13264, stack(0x0000000bb1400000,0x0000000bb1500000)]
  0x000001c2e3b4c000 JavaThread "Sweeper thread" daemon [_thread_blocked, id=9048, stack(0x0000000bb1500000,0x0000000bb1600000)]
  0x000001c2e3c48000 JavaThread "Common-Cleaner" daemon [_thread_blocked, id=9316, stack(0x0000000bb1600000,0x0000000bb1700000)]
  0x000001c2e54e8000 JavaThread "Daemon health stats" [_thread_blocked, id=12316, stack(0x0000000bb1b00000,0x0000000bb1c00000)]
  0x000001c2e4811000 JavaThread "Incoming local TCP Connector on port 54116" [_thread_in_native, id=8336, stack(0x0000000bb1c00000,0x0000000bb1d00000)]
  0x000001c2e52f0000 JavaThread "Daemon periodic checks" [_thread_blocked, id=3028, stack(0x0000000bb1d00000,0x0000000bb1e00000)]
  0x000001c2e4a5f800 JavaThread "Daemon" [_thread_blocked, id=12408, stack(0x0000000bb1e00000,0x0000000bb1f00000)]
  0x000001c2e4bab000 JavaThread "Handler for socket connection from /127.0.0.1:54116 to /127.0.0.1:54117" [_thread_in_native, id=6636, stack(0x0000000bb1f00000,0x0000000bb2000000)]
  0x000001c2e5be1000 JavaThread "Cancel handler" [_thread_blocked, id=3172, stack(0x0000000bb2000000,0x0000000bb2100000)]
  0x000001c2e542c800 JavaThread "Daemon worker" [_thread_in_Java, id=12600, stack(0x0000000bb2100000,0x0000000bb2200000)]
  0x000001c2e5631000 JavaThread "Asynchronous log dispatcher for DefaultDaemonConnection: socket connection from /127.0.0.1:54116 to /127.0.0.1:54117" [_thread_blocked, id=10956, stack(0x0000000bb2200000,0x0000000bb2300000)]
  0x000001c2e3bad800 JavaThread "Stdin handler" [_thread_blocked, id=352, stack(0x0000000bb2300000,0x0000000bb2400000)]
  0x000001c2e4708000 JavaThread "Daemon client event forwarder" [_thread_blocked, id=7076, stack(0x0000000bb2400000,0x0000000bb2500000)]
  0x000001c2e3fac000 JavaThread "Cache worker for journal cache (C:\Users\wyre robotics\.gradle\caches\journal-1)" [_thread_blocked, id=4928, stack(0x0000000bb2500000,0x0000000bb2600000)]
  0x000001c2e3fac800 JavaThread "File lock request listener" [_thread_in_native, id=636, stack(0x0000000bb2600000,0x0000000bb2700000)]
  0x000001c2e3fa7000 JavaThread "Cache worker for file hash cache (C:\Users\wyre robotics\.gradle\caches\7.3.3\fileHashes)" [_thread_blocked, id=12232, stack(0x0000000bb2700000,0x0000000bb2800000)]

Other Threads:
  0x000001c2e3155800 VMThread "VM Thread" [stack: 0x0000000bb0d00000,0x0000000bb0e00000] [id=12812]
  0x000001c2e3c67800 WatcherThread [stack: 0x0000000bb1700000,0x0000000bb1800000] [id=12484]
  0x000001c2c825c800 GCTaskThread "GC Thread#0" [stack: 0x0000000bb0800000,0x0000000bb0900000] [id=13116]
  0x000001c2e40e6000 GCTaskThread "GC Thread#1" [stack: 0x0000000bb1800000,0x0000000bb1900000] [id=13048]
  0x000001c2e4709800 GCTaskThread "GC Thread#2" [stack: 0x0000000bb1900000,0x0000000bb1a00000] [id=2160]
  0x000001c2e470a800 GCTaskThread "GC Thread#3" [stack: 0x0000000bb1a00000,0x0000000bb1b00000] [id=1324]
  0x000001c2c826f000 ConcurrentGCThread "G1 Main Marker" [stack: 0x0000000bb0900000,0x0000000bb0a00000] [id=5312]
  0x000001c2c8270000 ConcurrentGCThread "G1 Conc#0" [stack: 0x0000000bb0a00000,0x0000000bb0b00000] [id=7600]
  0x000001c2c831d800 ConcurrentGCThread "G1 Refine#0" [stack: 0x0000000bb0b00000,0x0000000bb0c00000] [id=2196]
  0x000001c2c831e800 ConcurrentGCThread "G1 Young RemSet Sampling" [stack: 0x0000000bb0c00000,0x0000000bb0d00000] [id=2152]

Threads with active compile tasks:
C2 CompilerThread0  14329 2013   !   4       java.lang.ClassLoader::loadClass (122 bytes)

VM state:not at safepoint (normal execution)

VM Mutex/Monitor currently owned by a thread: None

Heap address: 0x00000000e0000000, size: 512 MB, Compressed Oops mode: 32-bit
Narrow klass base: 0x0000000000000000, Narrow klass shift: 3
Compressed class space size: 260046848 Address: 0x0000000100000000

Heap:
 garbage-first heap   total 262144K, used 22293K [0x00000000e0000000, 0x0000000100000000)
  region size 1024K, 11 young (11264K), 5 survivors (5120K)
 Metaspace       used 21454K, capacity 21999K, committed 22140K, reserved 274432K
  class space    used 2626K, capacity 2814K, committed 2816K, reserved 253952K
Heap Regions: E=young(eden), S=young(survivor), O=old, HS=humongous(starts), HC=humongous(continues), CS=collection set, F=free, A=archive, TAMS=top-at-mark-start (previous, next)
|   0|0x00000000e0000000, 0x00000000e0100000, 0x00000000e0100000|100%|HS|  |TAMS 0x00000000e0100000, 0x00000000e0000000| Complete 
|   1|0x00000000e0100000, 0x00000000e0200000, 0x00000000e0200000|100%|HC|  |TAMS 0x00000000e0200000, 0x00000000e0100000| Complete 
|   2|0x00000000e0200000, 0x00000000e0300000, 0x00000000e0300000|100%|HC|  |TAMS 0x00000000e0300000, 0x00000000e0200000| Complete 
|   3|0x00000000e0300000, 0x00000000e0400000, 0x00000000e0400000|100%| O|  |TAMS 0x00000000e0400000, 0x00000000e0300000| Untracked 
|   4|0x00000000e0400000, 0x00000000e0500000, 0x00000000e0500000|100%| O|  |TAMS 0x00000000e0500000, 0x00000000e0400000| Untracked 
|   5|0x00000000e0500000, 0x00000000e0600000, 0x00000000e0600000|100%| O|  |TAMS 0x00000000e0600000, 0x00000000e0500000| Untracked 
|   6|0x00000000e0600000, 0x00000000e0700000, 0x00000000e0700000|100%| O|  |TAMS 0x00000000e0700000, 0x00000000e0600000| Untracked 
|   7|0x00000000e0700000, 0x00000000e0800000, 0x00000000e0800000|100%| O|  |TAMS 0x00000000e0800000, 0x00000000e0700000| Untracked 
|   8|0x00000000e0800000, 0x00000000e0900000, 0x00000000e0900000|100%| O|  |TAMS 0x00000000e0900000, 0x00000000e0800000| Untracked 
|   9|0x00000000e0900000, 0x00000000e0a00000, 0x00000000e0a00000|100%| O|  |TAMS 0x00000000e0a00000, 0x00000000e0900000| Untracked 
|  10|0x00000000e0a00000, 0x00000000e0b00000, 0x00000000e0b00000|100%| O|  |TAMS 0x00000000e0b00000, 0x00000000e0a00000| Untracked 
|  11|0x00000000e0b00000, 0x00000000e0c00000, 0x00000000e0c00000|100%| O|  |TAMS 0x00000000e0c00000, 0x00000000e0b00000| Untracked 
|  12|0x00000000e0c00000, 0x00000000e0c98800, 0x00000000e0d00000| 59%| O|  |TAMS 0x00000000e0c98800, 0x00000000e0c00000| Untracked 
|  13|0x00000000e0d00000, 0x00000000e0d00000, 0x00000000e0e00000|  0%| F|  |TAMS 0x00000000e0d00000, 0x00000000e0d00000| Untracked 
|  14|0x00000000e0e00000, 0x00000000e0e00000, 0x00000000e0f00000|  0%| F|  |TAMS 0x00000000e0e00000, 0x00000000e0e00000| Untracked 
|  15|0x00000000e0f00000, 0x00000000e0f00000, 0x00000000e1000000|  0%| F|  |TAMS 0x00000000e0f00000, 0x00000000e0f00000| Untracked 
|  16|0x00000000e1000000, 0x00000000e1000000, 0x00000000e1100000|  0%| F|  |TAMS 0x00000000e1000000, 0x00000000e1000000| Untracked 
|  17|0x00000000e1100000, 0x00000000e1100000, 0x00000000e1200000|  0%| F|  |TAMS 0x00000000e1100000, 0x00000000e1100000| Untracked 
|  18|0x00000000e1200000, 0x00000000e1200000, 0x00000000e1300000|  0%| F|  |TAMS 0x00000000e1200000, 0x00000000e1200000| Untracked 
|  19|0x00000000e1300000, 0x00000000e1300000, 0x00000000e1400000|  0%| F|  |TAMS 0x00000000e1300000, 0x00000000e1300000| Untracked 
|  20|0x00000000e1400000, 0x00000000e1400000, 0x00000000e1500000|  0%| F|  |TAMS 0x00000000e1400000, 0x00000000e1400000| Untracked 
|  21|0x00000000e1500000, 0x00000000e1500000, 0x00000000e1600000|  0%| F|  |TAMS 0x00000000e1500000, 0x00000000e1500000| Untracked 
|  22|0x00000000e1600000, 0x00000000e1600000, 0x00000000e1700000|  0%| F|  |TAMS 0x00000000e1600000, 0x00000000e1600000| Untracked 
|  23|0x00000000e1700000, 0x00000000e1700000, 0x00000000e1800000|  0%| F|  |TAMS 0x00000000e1700000, 0x00000000e1700000| Untracked 
|  24|0x00000000e1800000, 0x00000000e1800000, 0x00000000e1900000|  0%| F|  |TAMS 0x00000000e1800000, 0x00000000e1800000| Untracked 
|  25|0x00000000e1900000, 0x00000000e1900000, 0x00000000e1a00000|  0%| F|  |TAMS 0x00000000e1900000, 0x00000000e1900000| Untracked 
|  26|0x00000000e1a00000, 0x00000000e1a00000, 0x00000000e1b00000|  0%| F|  |TAMS 0x00000000e1a00000, 0x00000000e1a00000| Untracked 
|  27|0x00000000e1b00000, 0x00000000e1b00000, 0x00000000e1c00000|  0%| F|  |TAMS 0x00000000e1b00000, 0x00000000e1b00000| Untracked 
|  28|0x00000000e1c00000, 0x00000000e1c00000, 0x00000000e1d00000|  0%| F|  |TAMS 0x00000000e1c00000, 0x00000000e1c00000| Untracked 
|  29|0x00000000e1d00000, 0x00000000e1d00000, 0x00000000e1e00000|  0%| F|  |TAMS 0x00000000e1d00000, 0x00000000e1d00000| Untracked 
|  30|0x00000000e1e00000, 0x00000000e1e00000, 0x00000000e1f00000|  0%| F|  |TAMS 0x00000000e1e00000, 0x00000000e1e00000| Untracked 
|  31|0x00000000e1f00000, 0x00000000e1f00000, 0x00000000e2000000|  0%| F|  |TAMS 0x00000000e1f00000, 0x00000000e1f00000| Untracked 
|  32|0x00000000e2000000, 0x00000000e2000000, 0x00000000e2100000|  0%| F|  |TAMS 0x00000000e2000000, 0x00000000e2000000| Untracked 
|  33|0x00000000e2100000, 0x00000000e2100000, 0x00000000e2200000|  0%| F|  |TAMS 0x00000000e2100000, 0x00000000e2100000| Untracked 
|  34|0x00000000e2200000, 0x00000000e2200000, 0x00000000e2300000|  0%| F|  |TAMS 0x00000000e2200000, 0x00000000e2200000| Untracked 
|  35|0x00000000e2300000, 0x00000000e2300000, 0x00000000e2400000|  0%| F|  |TAMS 0x00000000e2300000, 0x00000000e2300000| Untracked 
|  36|0x00000000e2400000, 0x00000000e2400000, 0x00000000e2500000|  0%| F|  |TAMS 0x00000000e2400000, 0x00000000e2400000| Untracked 
|  37|0x00000000e2500000, 0x00000000e2500000, 0x00000000e2600000|  0%| F|  |TAMS 0x00000000e2500000, 0x00000000e2500000| Untracked 
|  38|0x00000000e2600000, 0x00000000e2600000, 0x00000000e2700000|  0%| F|  |TAMS 0x00000000e2600000, 0x00000000e2600000| Untracked 
|  39|0x00000000e2700000, 0x00000000e2700000, 0x00000000e2800000|  0%| F|  |TAMS 0x00000000e2700000, 0x00000000e2700000| Untracked 
|  40|0x00000000e2800000, 0x00000000e2800000, 0x00000000e2900000|  0%| F|  |TAMS 0x00000000e2800000, 0x00000000e2800000| Untracked 
|  41|0x00000000e2900000, 0x00000000e2900000, 0x00000000e2a00000|  0%| F|  |TAMS 0x00000000e2900000, 0x00000000e2900000| Untracked 
|  42|0x00000000e2a00000, 0x00000000e2a00000, 0x00000000e2b00000|  0%| F|  |TAMS 0x00000000e2a00000, 0x00000000e2a00000| Untracked 
|  43|0x00000000e2b00000, 0x00000000e2b00000, 0x00000000e2c00000|  0%| F|  |TAMS 0x00000000e2b00000, 0x00000000e2b00000| Untracked 
|  44|0x00000000e2c00000, 0x00000000e2c00000, 0x00000000e2d00000|  0%| F|  |TAMS 0x00000000e2c00000, 0x00000000e2c00000| Untracked 
|  45|0x00000000e2d00000, 0x00000000e2d00000, 0x00000000e2e00000|  0%| F|  |TAMS 0x00000000e2d00000, 0x00000000e2d00000| Untracked 
|  46|0x00000000e2e00000, 0x00000000e2e00000, 0x00000000e2f00000|  0%| F|  |TAMS 0x00000000e2e00000, 0x00000000e2e00000| Untracked 
|  47|0x00000000e2f00000, 0x00000000e2f00000, 0x00000000e3000000|  0%| F|  |TAMS 0x00000000e2f00000, 0x00000000e2f00000| Untracked 
|  48|0x00000000e3000000, 0x00000000e3000000, 0x00000000e3100000|  0%| F|  |TAMS 0x00000000e3000000, 0x00000000e3000000| Untracked 
|  49|0x00000000e3100000, 0x00000000e3100000, 0x00000000e3200000|  0%| F|  |TAMS 0x00000000e3100000, 0x00000000e3100000| Untracked 
|  50|0x00000000e3200000, 0x00000000e3200000, 0x00000000e3300000|  0%| F|  |TAMS 0x00000000e3200000, 0x00000000e3200000| Untracked 
|  51|0x00000000e3300000, 0x00000000e3300000, 0x00000000e3400000|  0%| F|  |TAMS 0x00000000e3300000, 0x00000000e3300000| Untracked 
|  52|0x00000000e3400000, 0x00000000e3400000, 0x00000000e3500000|  0%| F|  |TAMS 0x00000000e3400000, 0x00000000e3400000| Untracked 
|  53|0x00000000e3500000, 0x00000000e3500000, 0x00000000e3600000|  0%| F|  |TAMS 0x00000000e3500000, 0x00000000e3500000| Untracked 
|  54|0x00000000e3600000, 0x00000000e3600000, 0x00000000e3700000|  0%| F|  |TAMS 0x00000000e3600000, 0x00000000e3600000| Untracked 
|  55|0x00000000e3700000, 0x00000000e3700000, 0x00000000e3800000|  0%| F|  |TAMS 0x00000000e3700000, 0x00000000e3700000| Untracked 
|  56|0x00000000e3800000, 0x00000000e3800000, 0x00000000e3900000|  0%| F|  |TAMS 0x00000000e3800000, 0x00000000e3800000| Untracked 
|  57|0x00000000e3900000, 0x00000000e3900000, 0x00000000e3a00000|  0%| F|  |TAMS 0x00000000e3900000, 0x00000000e3900000| Untracked 
|  58|0x00000000e3a00000, 0x00000000e3a00000, 0x00000000e3b00000|  0%| F|  |TAMS 0x00000000e3a00000, 0x00000000e3a00000| Untracked 
|  59|0x00000000e3b00000, 0x00000000e3b00000, 0x00000000e3c00000|  0%| F|  |TAMS 0x00000000e3b00000, 0x00000000e3b00000| Untracked 
|  60|0x00000000e3c00000, 0x00000000e3c00000, 0x00000000e3d00000|  0%| F|  |TAMS 0x00000000e3c00000, 0x00000000e3c00000| Untracked 
|  61|0x00000000e3d00000, 0x00000000e3d00000, 0x00000000e3e00000|  0%| F|  |TAMS 0x00000000e3d00000, 0x00000000e3d00000| Untracked 
|  62|0x00000000e3e00000, 0x00000000e3e00000, 0x00000000e3f00000|  0%| F|  |TAMS 0x00000000e3e00000, 0x00000000e3e00000| Untracked 
|  63|0x00000000e3f00000, 0x00000000e3f00000, 0x00000000e4000000|  0%| F|  |TAMS 0x00000000e3f00000, 0x00000000e3f00000| Untracked 
|  64|0x00000000e4000000, 0x00000000e4000000, 0x00000000e4100000|  0%| F|  |TAMS 0x00000000e4000000, 0x00000000e4000000| Untracked 
|  65|0x00000000e4100000, 0x00000000e4100000, 0x00000000e4200000|  0%| F|  |TAMS 0x00000000e4100000, 0x00000000e4100000| Untracked 
|  66|0x00000000e4200000, 0x00000000e4200000, 0x00000000e4300000|  0%| F|  |TAMS 0x00000000e4200000, 0x00000000e4200000| Untracked 
|  67|0x00000000e4300000, 0x00000000e4300000, 0x00000000e4400000|  0%| F|  |TAMS 0x00000000e4300000, 0x00000000e4300000| Untracked 
|  68|0x00000000e4400000, 0x00000000e4400000, 0x00000000e4500000|  0%| F|  |TAMS 0x00000000e4400000, 0x00000000e4400000| Untracked 
|  69|0x00000000e4500000, 0x00000000e4500000, 0x00000000e4600000|  0%| F|  |TAMS 0x00000000e4500000, 0x00000000e4500000| Untracked 
|  70|0x00000000e4600000, 0x00000000e4600000, 0x00000000e4700000|  0%| F|  |TAMS 0x00000000e4600000, 0x00000000e4600000| Untracked 
|  71|0x00000000e4700000, 0x00000000e4700000, 0x00000000e4800000|  0%| F|  |TAMS 0x00000000e4700000, 0x00000000e4700000| Untracked 
|  72|0x00000000e4800000, 0x00000000e4800000, 0x00000000e4900000|  0%| F|  |TAMS 0x00000000e4800000, 0x00000000e4800000| Untracked 
|  73|0x00000000e4900000, 0x00000000e4900000, 0x00000000e4a00000|  0%| F|  |TAMS 0x00000000e4900000, 0x00000000e4900000| Untracked 
|  74|0x00000000e4a00000, 0x00000000e4a00000, 0x00000000e4b00000|  0%| F|  |TAMS 0x00000000e4a00000, 0x00000000e4a00000| Untracked 
|  75|0x00000000e4b00000, 0x00000000e4b00000, 0x00000000e4c00000|  0%| F|  |TAMS 0x00000000e4b00000, 0x00000000e4b00000| Untracked 
|  76|0x00000000e4c00000, 0x00000000e4c00000, 0x00000000e4d00000|  0%| F|  |TAMS 0x00000000e4c00000, 0x00000000e4c00000| Untracked 
|  77|0x00000000e4d00000, 0x00000000e4d00000, 0x00000000e4e00000|  0%| F|  |TAMS 0x00000000e4d00000, 0x00000000e4d00000| Untracked 
|  78|0x00000000e4e00000, 0x00000000e4e00000, 0x00000000e4f00000|  0%| F|  |TAMS 0x00000000e4e00000, 0x00000000e4e00000| Untracked 
|  79|0x00000000e4f00000, 0x00000000e4f00000, 0x00000000e5000000|  0%| F|  |TAMS 0x00000000e4f00000, 0x00000000e4f00000| Untracked 
|  80|0x00000000e5000000, 0x00000000e5000000, 0x00000000e5100000|  0%| F|  |TAMS 0x00000000e5000000, 0x00000000e5000000| Untracked 
|  81|0x00000000e5100000, 0x00000000e5100000, 0x00000000e5200000|  0%| F|  |TAMS 0x00000000e5100000, 0x00000000e5100000| Untracked 
|  82|0x00000000e5200000, 0x00000000e5200000, 0x00000000e5300000|  0%| F|  |TAMS 0x00000000e5200000, 0x00000000e5200000| Untracked 
|  83|0x00000000e5300000, 0x00000000e5300000, 0x00000000e5400000|  0%| F|  |TAMS 0x00000000e5300000, 0x00000000e5300000| Untracked 
|  84|0x00000000e5400000, 0x00000000e5400000, 0x00000000e5500000|  0%| F|  |TAMS 0x00000000e5400000, 0x00000000e5400000| Untracked 
|  85|0x00000000e5500000, 0x00000000e5500000, 0x00000000e5600000|  0%| F|  |TAMS 0x00000000e5500000, 0x00000000e5500000| Untracked 
|  86|0x00000000e5600000, 0x00000000e5600000, 0x00000000e5700000|  0%| F|  |TAMS 0x00000000e5600000, 0x00000000e5600000| Untracked 
|  87|0x00000000e5700000, 0x00000000e5700000, 0x00000000e5800000|  0%| F|  |TAMS 0x00000000e5700000, 0x00000000e5700000| Untracked 
|  88|0x00000000e5800000, 0x00000000e5800000, 0x00000000e5900000|  0%| F|  |TAMS 0x00000000e5800000, 0x00000000e5800000| Untracked 
|  89|0x00000000e5900000, 0x00000000e5900000, 0x00000000e5a00000|  0%| F|  |TAMS 0x00000000e5900000, 0x00000000e5900000| Untracked 
|  90|0x00000000e5a00000, 0x00000000e5a00000, 0x00000000e5b00000|  0%| F|  |TAMS 0x00000000e5a00000, 0x00000000e5a00000| Untracked 
|  91|0x00000000e5b00000, 0x00000000e5b00000, 0x00000000e5c00000|  0%| F|  |TAMS 0x00000000e5b00000, 0x00000000e5b00000| Untracked 
|  92|0x00000000e5c00000, 0x00000000e5c00000, 0x00000000e5d00000|  0%| F|  |TAMS 0x00000000e5c00000, 0x00000000e5c00000| Untracked 
|  93|0x00000000e5d00000, 0x00000000e5d00000, 0x00000000e5e00000|  0%| F|  |TAMS 0x00000000e5d00000, 0x00000000e5d00000| Untracked 
|  94|0x00000000e5e00000, 0x00000000e5e00000, 0x00000000e5f00000|  0%| F|  |TAMS 0x00000000e5e00000, 0x00000000e5e00000| Untracked 
|  95|0x00000000e5f00000, 0x00000000e5f00000, 0x00000000e6000000|  0%| F|  |TAMS 0x00000000e5f00000, 0x00000000e5f00000| Untracked 
|  96|0x00000000e6000000, 0x00000000e6000000, 0x00000000e6100000|  0%| F|  |TAMS 0x00000000e6000000, 0x00000000e6000000| Untracked 
|  97|0x00000000e6100000, 0x00000000e6100000, 0x00000000e6200000|  0%| F|  |TAMS 0x00000000e6100000, 0x00000000e6100000| Untracked 
|  98|0x00000000e6200000, 0x00000000e6200000, 0x00000000e6300000|  0%| F|  |TAMS 0x00000000e6200000, 0x00000000e6200000| Untracked 
|  99|0x00000000e6300000, 0x00000000e6300000, 0x00000000e6400000|  0%| F|  |TAMS 0x00000000e6300000, 0x00000000e6300000| Untracked 
| 100|0x00000000e6400000, 0x00000000e6400000, 0x00000000e6500000|  0%| F|  |TAMS 0x00000000e6400000, 0x00000000e6400000| Untracked 
| 101|0x00000000e6500000, 0x00000000e6500000, 0x00000000e6600000|  0%| F|  |TAMS 0x00000000e6500000, 0x00000000e6500000| Untracked 
| 102|0x00000000e6600000, 0x00000000e6600000, 0x00000000e6700000|  0%| F|  |TAMS 0x00000000e6600000, 0x00000000e6600000| Untracked 
| 103|0x00000000e6700000, 0x00000000e6700000, 0x00000000e6800000|  0%| F|  |TAMS 0x00000000e6700000, 0x00000000e6700000| Untracked 
| 104|0x00000000e6800000, 0x00000000e6800000, 0x00000000e6900000|  0%| F|  |TAMS 0x00000000e6800000, 0x00000000e6800000| Untracked 
| 105|0x00000000e6900000, 0x00000000e6900000, 0x00000000e6a00000|  0%| F|  |TAMS 0x00000000e6900000, 0x00000000e6900000| Untracked 
| 106|0x00000000e6a00000, 0x00000000e6a00000, 0x00000000e6b00000|  0%| F|  |TAMS 0x00000000e6a00000, 0x00000000e6a00000| Untracked 
| 107|0x00000000e6b00000, 0x00000000e6b00000, 0x00000000e6c00000|  0%| F|  |TAMS 0x00000000e6b00000, 0x00000000e6b00000| Untracked 
| 108|0x00000000e6c00000, 0x00000000e6c00000, 0x00000000e6d00000|  0%| F|  |TAMS 0x00000000e6c00000, 0x00000000e6c00000| Untracked 
| 109|0x00000000e6d00000, 0x00000000e6d00000, 0x00000000e6e00000|  0%| F|  |TAMS 0x00000000e6d00000, 0x00000000e6d00000| Untracked 
| 110|0x00000000e6e00000, 0x00000000e6e00000, 0x00000000e6f00000|  0%| F|  |TAMS 0x00000000e6e00000, 0x00000000e6e00000| Untracked 
| 111|0x00000000e6f00000, 0x00000000e6f00000, 0x00000000e7000000|  0%| F|  |TAMS 0x00000000e6f00000, 0x00000000e6f00000| Untracked 
| 112|0x00000000e7000000, 0x00000000e7000000, 0x00000000e7100000|  0%| F|  |TAMS 0x00000000e7000000, 0x00000000e7000000| Untracked 
| 113|0x00000000e7100000, 0x00000000e7100000, 0x00000000e7200000|  0%| F|  |TAMS 0x00000000e7100000, 0x00000000e7100000| Untracked 
| 114|0x00000000e7200000, 0x00000000e7200000, 0x00000000e7300000|  0%| F|  |TAMS 0x00000000e7200000, 0x00000000e7200000| Untracked 
| 115|0x00000000e7300000, 0x00000000e7300000, 0x00000000e7400000|  0%| F|  |TAMS 0x00000000e7300000, 0x00000000e7300000| Untracked 
| 116|0x00000000e7400000, 0x00000000e7400000, 0x00000000e7500000|  0%| F|  |TAMS 0x00000000e7400000, 0x00000000e7400000| Untracked 
| 117|0x00000000e7500000, 0x00000000e7500000, 0x00000000e7600000|  0%| F|  |TAMS 0x00000000e7500000, 0x00000000e7500000| Untracked 
| 118|0x00000000e7600000, 0x00000000e7600000, 0x00000000e7700000|  0%| F|  |TAMS 0x00000000e7600000, 0x00000000e7600000| Untracked 
| 119|0x00000000e7700000, 0x00000000e7700000, 0x00000000e7800000|  0%| F|  |TAMS 0x00000000e7700000, 0x00000000e7700000| Untracked 
| 120|0x00000000e7800000, 0x00000000e7800000, 0x00000000e7900000|  0%| F|  |TAMS 0x00000000e7800000, 0x00000000e7800000| Untracked 
| 121|0x00000000e7900000, 0x00000000e7900000, 0x00000000e7a00000|  0%| F|  |TAMS 0x00000000e7900000, 0x00000000e7900000| Untracked 
| 122|0x00000000e7a00000, 0x00000000e7a00000, 0x00000000e7b00000|  0%| F|  |TAMS 0x00000000e7a00000, 0x00000000e7a00000| Untracked 
| 123|0x00000000e7b00000, 0x00000000e7b00000, 0x00000000e7c00000|  0%| F|  |TAMS 0x00000000e7b00000, 0x00000000e7b00000| Untracked 
| 124|0x00000000e7c00000, 0x00000000e7c00000, 0x00000000e7d00000|  0%| F|  |TAMS 0x00000000e7c00000, 0x00000000e7c00000| Untracked 
| 125|0x00000000e7d00000, 0x00000000e7d00000, 0x00000000e7e00000|  0%| F|  |TAMS 0x00000000e7d00000, 0x00000000e7d00000| Untracked 
| 126|0x00000000e7e00000, 0x00000000e7e00000, 0x00000000e7f00000|  0%| F|  |TAMS 0x00000000e7e00000, 0x00000000e7e00000| Untracked 
| 127|0x00000000e7f00000, 0x00000000e7f00000, 0x00000000e8000000|  0%| F|  |TAMS 0x00000000e7f00000, 0x00000000e7f00000| Untracked 
| 128|0x00000000e8000000, 0x00000000e8000000, 0x00000000e8100000|  0%| F|  |TAMS 0x00000000e8000000, 0x00000000e8000000| Untracked 
| 129|0x00000000e8100000, 0x00000000e8100000, 0x00000000e8200000|  0%| F|  |TAMS 0x00000000e8100000, 0x00000000e8100000| Untracked 
| 130|0x00000000e8200000, 0x00000000e8200000, 0x00000000e8300000|  0%| F|  |TAMS 0x00000000e8200000, 0x00000000e8200000| Untracked 
| 131|0x00000000e8300000, 0x00000000e8300000, 0x00000000e8400000|  0%| F|  |TAMS 0x00000000e8300000, 0x00000000e8300000| Untracked 
| 132|0x00000000e8400000, 0x00000000e8400000, 0x00000000e8500000|  0%| F|  |TAMS 0x00000000e8400000, 0x00000000e8400000| Untracked 
| 133|0x00000000e8500000, 0x00000000e8500000, 0x00000000e8600000|  0%| F|  |TAMS 0x00000000e8500000, 0x00000000e8500000| Untracked 
| 134|0x00000000e8600000, 0x00000000e8600000, 0x00000000e8700000|  0%| F|  |TAMS 0x00000000e8600000, 0x00000000e8600000| Untracked 
| 135|0x00000000e8700000, 0x00000000e8700000, 0x00000000e8800000|  0%| F|  |TAMS 0x00000000e8700000, 0x00000000e8700000| Untracked 
| 136|0x00000000e8800000, 0x00000000e8800000, 0x00000000e8900000|  0%| F|  |TAMS 0x00000000e8800000, 0x00000000e8800000| Untracked 
| 137|0x00000000e8900000, 0x00000000e8900000, 0x00000000e8a00000|  0%| F|  |TAMS 0x00000000e8900000, 0x00000000e8900000| Untracked 
| 138|0x00000000e8a00000, 0x00000000e8a00000, 0x00000000e8b00000|  0%| F|  |TAMS 0x00000000e8a00000, 0x00000000e8a00000| Untracked 
| 139|0x00000000e8b00000, 0x00000000e8b00000, 0x00000000e8c00000|  0%| F|  |TAMS 0x00000000e8b00000, 0x00000000e8b00000| Untracked 
| 140|0x00000000e8c00000, 0x00000000e8c00000, 0x00000000e8d00000|  0%| F|  |TAMS 0x00000000e8c00000, 0x00000000e8c00000| Untracked 
| 141|0x00000000e8d00000, 0x00000000e8d00000, 0x00000000e8e00000|  0%| F|  |TAMS 0x00000000e8d00000, 0x00000000e8d00000| Untracked 
| 142|0x00000000e8e00000, 0x00000000e8e00000, 0x00000000e8f00000|  0%| F|  |TAMS 0x00000000e8e00000, 0x00000000e8e00000| Untracked 
| 143|0x00000000e8f00000, 0x00000000e8f00000, 0x00000000e9000000|  0%| F|  |TAMS 0x00000000e8f00000, 0x00000000e8f00000| Untracked 
| 144|0x00000000e9000000, 0x00000000e9000000, 0x00000000e9100000|  0%| F|  |TAMS 0x00000000e9000000, 0x00000000e9000000| Untracked 
| 145|0x00000000e9100000, 0x00000000e9100000, 0x00000000e9200000|  0%| F|  |TAMS 0x00000000e9100000, 0x00000000e9100000| Untracked 
| 146|0x00000000e9200000, 0x00000000e9200000, 0x00000000e9300000|  0%| F|  |TAMS 0x00000000e9200000, 0x00000000e9200000| Untracked 
| 147|0x00000000e9300000, 0x00000000e9300000, 0x00000000e9400000|  0%| F|  |TAMS 0x00000000e9300000, 0x00000000e9300000| Untracked 
| 148|0x00000000e9400000, 0x00000000e9400000, 0x00000000e9500000|  0%| F|  |TAMS 0x00000000e9400000, 0x00000000e9400000| Untracked 
| 149|0x00000000e9500000, 0x00000000e9500000, 0x00000000e9600000|  0%| F|  |TAMS 0x00000000e9500000, 0x00000000e9500000| Untracked 
| 150|0x00000000e9600000, 0x00000000e9600000, 0x00000000e9700000|  0%| F|  |TAMS 0x00000000e9600000, 0x00000000e9600000| Untracked 
| 151|0x00000000e9700000, 0x00000000e9700000, 0x00000000e9800000|  0%| F|  |TAMS 0x00000000e9700000, 0x00000000e9700000| Untracked 
| 152|0x00000000e9800000, 0x00000000e9800000, 0x00000000e9900000|  0%| F|  |TAMS 0x00000000e9800000, 0x00000000e9800000| Untracked 
| 153|0x00000000e9900000, 0x00000000e9900000, 0x00000000e9a00000|  0%| F|  |TAMS 0x00000000e9900000, 0x00000000e9900000| Untracked 
| 154|0x00000000e9a00000, 0x00000000e9a00000, 0x00000000e9b00000|  0%| F|  |TAMS 0x00000000e9a00000, 0x00000000e9a00000| Untracked 
| 155|0x00000000e9b00000, 0x00000000e9b00000, 0x00000000e9c00000|  0%| F|  |TAMS 0x00000000e9b00000, 0x00000000e9b00000| Untracked 
| 156|0x00000000e9c00000, 0x00000000e9c00000, 0x00000000e9d00000|  0%| F|  |TAMS 0x00000000e9c00000, 0x00000000e9c00000| Untracked 
| 157|0x00000000e9d00000, 0x00000000e9d00000, 0x00000000e9e00000|  0%| F|  |TAMS 0x00000000e9d00000, 0x00000000e9d00000| Untracked 
| 158|0x00000000e9e00000, 0x00000000e9e00000, 0x00000000e9f00000|  0%| F|  |TAMS 0x00000000e9e00000, 0x00000000e9e00000| Untracked 
| 159|0x00000000e9f00000, 0x00000000e9f00000, 0x00000000ea000000|  0%| F|  |TAMS 0x00000000e9f00000, 0x00000000e9f00000| Untracked 
| 160|0x00000000ea000000, 0x00000000ea000000, 0x00000000ea100000|  0%| F|  |TAMS 0x00000000ea000000, 0x00000000ea000000| Untracked 
| 161|0x00000000ea100000, 0x00000000ea100000, 0x00000000ea200000|  0%| F|  |TAMS 0x00000000ea100000, 0x00000000ea100000| Untracked 
| 162|0x00000000ea200000, 0x00000000ea200000, 0x00000000ea300000|  0%| F|  |TAMS 0x00000000ea200000, 0x00000000ea200000| Untracked 
| 163|0x00000000ea300000, 0x00000000ea300000, 0x00000000ea400000|  0%| F|  |TAMS 0x00000000ea300000, 0x00000000ea300000| Untracked 
| 164|0x00000000ea400000, 0x00000000ea400000, 0x00000000ea500000|  0%| F|  |TAMS 0x00000000ea400000, 0x00000000ea400000| Untracked 
| 165|0x00000000ea500000, 0x00000000ea500000, 0x00000000ea600000|  0%| F|  |TAMS 0x00000000ea500000, 0x00000000ea500000| Untracked 
| 166|0x00000000ea600000, 0x00000000ea600000, 0x00000000ea700000|  0%| F|  |TAMS 0x00000000ea600000, 0x00000000ea600000| Untracked 
| 167|0x00000000ea700000, 0x00000000ea700000, 0x00000000ea800000|  0%| F|  |TAMS 0x00000000ea700000, 0x00000000ea700000| Untracked 
| 168|0x00000000ea800000, 0x00000000ea800000, 0x00000000ea900000|  0%| F|  |TAMS 0x00000000ea800000, 0x00000000ea800000| Untracked 
| 169|0x00000000ea900000, 0x00000000ea900000, 0x00000000eaa00000|  0%| F|  |TAMS 0x00000000ea900000, 0x00000000ea900000| Untracked 
| 170|0x00000000eaa00000, 0x00000000eaa00000, 0x00000000eab00000|  0%| F|  |TAMS 0x00000000eaa00000, 0x00000000eaa00000| Untracked 
| 171|0x00000000eab00000, 0x00000000eab00000, 0x00000000eac00000|  0%| F|  |TAMS 0x00000000eab00000, 0x00000000eab00000| Untracked 
| 172|0x00000000eac00000, 0x00000000eac00000, 0x00000000ead00000|  0%| F|  |TAMS 0x00000000eac00000, 0x00000000eac00000| Untracked 
| 173|0x00000000ead00000, 0x00000000ead00000, 0x00000000eae00000|  0%| F|  |TAMS 0x00000000ead00000, 0x00000000ead00000| Untracked 
| 174|0x00000000eae00000, 0x00000000eae00000, 0x00000000eaf00000|  0%| F|  |TAMS 0x00000000eae00000, 0x00000000eae00000| Untracked 
| 175|0x00000000eaf00000, 0x00000000eaf00000, 0x00000000eb000000|  0%| F|  |TAMS 0x00000000eaf00000, 0x00000000eaf00000| Untracked 
| 176|0x00000000eb000000, 0x00000000eb000000, 0x00000000eb100000|  0%| F|  |TAMS 0x00000000eb000000, 0x00000000eb000000| Untracked 
| 177|0x00000000eb100000, 0x00000000eb100000, 0x00000000eb200000|  0%| F|  |TAMS 0x00000000eb100000, 0x00000000eb100000| Untracked 
| 178|0x00000000eb200000, 0x00000000eb200000, 0x00000000eb300000|  0%| F|  |TAMS 0x00000000eb200000, 0x00000000eb200000| Untracked 
| 179|0x00000000eb300000, 0x00000000eb300000, 0x00000000eb400000|  0%| F|  |TAMS 0x00000000eb300000, 0x00000000eb300000| Untracked 
| 180|0x00000000eb400000, 0x00000000eb400000, 0x00000000eb500000|  0%| F|  |TAMS 0x00000000eb400000, 0x00000000eb400000| Untracked 
| 181|0x00000000eb500000, 0x00000000eb500000, 0x00000000eb600000|  0%| F|  |TAMS 0x00000000eb500000, 0x00000000eb500000| Untracked 
| 182|0x00000000eb600000, 0x00000000eb600000, 0x00000000eb700000|  0%| F|  |TAMS 0x00000000eb600000, 0x00000000eb600000| Untracked 
| 183|0x00000000eb700000, 0x00000000eb700000, 0x00000000eb800000|  0%| F|  |TAMS 0x00000000eb700000, 0x00000000eb700000| Untracked 
| 184|0x00000000eb800000, 0x00000000eb800000, 0x00000000eb900000|  0%| F|  |TAMS 0x00000000eb800000, 0x00000000eb800000| Untracked 
| 185|0x00000000eb900000, 0x00000000eb900000, 0x00000000eba00000|  0%| F|  |TAMS 0x00000000eb900000, 0x00000000eb900000| Untracked 
| 186|0x00000000eba00000, 0x00000000eba00000, 0x00000000ebb00000|  0%| F|  |TAMS 0x00000000eba00000, 0x00000000eba00000| Untracked 
| 187|0x00000000ebb00000, 0x00000000ebb00000, 0x00000000ebc00000|  0%| F|  |TAMS 0x00000000ebb00000, 0x00000000ebb00000| Untracked 
| 188|0x00000000ebc00000, 0x00000000ebc00000, 0x00000000ebd00000|  0%| F|  |TAMS 0x00000000ebc00000, 0x00000000ebc00000| Untracked 
| 189|0x00000000ebd00000, 0x00000000ebd00000, 0x00000000ebe00000|  0%| F|  |TAMS 0x00000000ebd00000, 0x00000000ebd00000| Untracked 
| 190|0x00000000ebe00000, 0x00000000ebe00000, 0x00000000ebf00000|  0%| F|  |TAMS 0x00000000ebe00000, 0x00000000ebe00000| Untracked 
| 191|0x00000000ebf00000, 0x00000000ebf00000, 0x00000000ec000000|  0%| F|  |TAMS 0x00000000ebf00000, 0x00000000ebf00000| Untracked 
| 192|0x00000000ec000000, 0x00000000ec000000, 0x00000000ec100000|  0%| F|  |TAMS 0x00000000ec000000, 0x00000000ec000000| Untracked 
| 193|0x00000000ec100000, 0x00000000ec100000, 0x00000000ec200000|  0%| F|  |TAMS 0x00000000ec100000, 0x00000000ec100000| Untracked 
| 194|0x00000000ec200000, 0x00000000ec200000, 0x00000000ec300000|  0%| F|  |TAMS 0x00000000ec200000, 0x00000000ec200000| Untracked 
| 195|0x00000000ec300000, 0x00000000ec300000, 0x00000000ec400000|  0%| F|  |TAMS 0x00000000ec300000, 0x00000000ec300000| Untracked 
| 196|0x00000000ec400000, 0x00000000ec400000, 0x00000000ec500000|  0%| F|  |TAMS 0x00000000ec400000, 0x00000000ec400000| Untracked 
| 197|0x00000000ec500000, 0x00000000ec500000, 0x00000000ec600000|  0%| F|  |TAMS 0x00000000ec500000, 0x00000000ec500000| Untracked 
| 198|0x00000000ec600000, 0x00000000ec600000, 0x00000000ec700000|  0%| F|  |TAMS 0x00000000ec600000, 0x00000000ec600000| Untracked 
| 199|0x00000000ec700000, 0x00000000ec700000, 0x00000000ec800000|  0%| F|  |TAMS 0x00000000ec700000, 0x00000000ec700000| Untracked 
| 200|0x00000000ec800000, 0x00000000ec800000, 0x00000000ec900000|  0%| F|  |TAMS 0x00000000ec800000, 0x00000000ec800000| Untracked 
| 201|0x00000000ec900000, 0x00000000ec900000, 0x00000000eca00000|  0%| F|  |TAMS 0x00000000ec900000, 0x00000000ec900000| Untracked 
| 202|0x00000000eca00000, 0x00000000eca00000, 0x00000000ecb00000|  0%| F|  |TAMS 0x00000000eca00000, 0x00000000eca00000| Untracked 
| 203|0x00000000ecb00000, 0x00000000ecb00000, 0x00000000ecc00000|  0%| F|  |TAMS 0x00000000ecb00000, 0x00000000ecb00000| Untracked 
| 204|0x00000000ecc00000, 0x00000000ecc00000, 0x00000000ecd00000|  0%| F|  |TAMS 0x00000000ecc00000, 0x00000000ecc00000| Untracked 
| 205|0x00000000ecd00000, 0x00000000ecd00000, 0x00000000ece00000|  0%| F|  |TAMS 0x00000000ecd00000, 0x00000000ecd00000| Untracked 
| 206|0x00000000ece00000, 0x00000000ece00000, 0x00000000ecf00000|  0%| F|  |TAMS 0x00000000ece00000, 0x00000000ece00000| Untracked 
| 207|0x00000000ecf00000, 0x00000000ecf00000, 0x00000000ed000000|  0%| F|  |TAMS 0x00000000ecf00000, 0x00000000ecf00000| Untracked 
| 208|0x00000000ed000000, 0x00000000ed000000, 0x00000000ed100000|  0%| F|  |TAMS 0x00000000ed000000, 0x00000000ed000000| Untracked 
| 209|0x00000000ed100000, 0x00000000ed100000, 0x00000000ed200000|  0%| F|  |TAMS 0x00000000ed100000, 0x00000000ed100000| Untracked 
| 210|0x00000000ed200000, 0x00000000ed200000, 0x00000000ed300000|  0%| F|  |TAMS 0x00000000ed200000, 0x00000000ed200000| Untracked 
| 211|0x00000000ed300000, 0x00000000ed300000, 0x00000000ed400000|  0%| F|  |TAMS 0x00000000ed300000, 0x00000000ed300000| Untracked 
| 212|0x00000000ed400000, 0x00000000ed400000, 0x00000000ed500000|  0%| F|  |TAMS 0x00000000ed400000, 0x00000000ed400000| Untracked 
| 213|0x00000000ed500000, 0x00000000ed500000, 0x00000000ed600000|  0%| F|  |TAMS 0x00000000ed500000, 0x00000000ed500000| Untracked 
| 214|0x00000000ed600000, 0x00000000ed600000, 0x00000000ed700000|  0%| F|  |TAMS 0x00000000ed600000, 0x00000000ed600000| Untracked 
| 215|0x00000000ed700000, 0x00000000ed700000, 0x00000000ed800000|  0%| F|  |TAMS 0x00000000ed700000, 0x00000000ed700000| Untracked 
| 216|0x00000000ed800000, 0x00000000ed800000, 0x00000000ed900000|  0%| F|  |TAMS 0x00000000ed800000, 0x00000000ed800000| Untracked 
| 217|0x00000000ed900000, 0x00000000ed900000, 0x00000000eda00000|  0%| F|  |TAMS 0x00000000ed900000, 0x00000000ed900000| Untracked 
| 218|0x00000000eda00000, 0x00000000eda00000, 0x00000000edb00000|  0%| F|  |TAMS 0x00000000eda00000, 0x00000000eda00000| Untracked 
| 219|0x00000000edb00000, 0x00000000edb00000, 0x00000000edc00000|  0%| F|  |TAMS 0x00000000edb00000, 0x00000000edb00000| Untracked 
| 220|0x00000000edc00000, 0x00000000edc00000, 0x00000000edd00000|  0%| F|  |TAMS 0x00000000edc00000, 0x00000000edc00000| Untracked 
| 221|0x00000000edd00000, 0x00000000edd00000, 0x00000000ede00000|  0%| F|  |TAMS 0x00000000edd00000, 0x00000000edd00000| Untracked 
| 222|0x00000000ede00000, 0x00000000ede00000, 0x00000000edf00000|  0%| F|  |TAMS 0x00000000ede00000, 0x00000000ede00000| Untracked 
| 223|0x00000000edf00000, 0x00000000edf00000, 0x00000000ee000000|  0%| F|  |TAMS 0x00000000edf00000, 0x00000000edf00000| Untracked 
| 224|0x00000000ee000000, 0x00000000ee000000, 0x00000000ee100000|  0%| F|  |TAMS 0x00000000ee000000, 0x00000000ee000000| Untracked 
| 225|0x00000000ee100000, 0x00000000ee100000, 0x00000000ee200000|  0%| F|  |TAMS 0x00000000ee100000, 0x00000000ee100000| Untracked 
| 226|0x00000000ee200000, 0x00000000ee200000, 0x00000000ee300000|  0%| F|  |TAMS 0x00000000ee200000, 0x00000000ee200000| Untracked 
| 227|0x00000000ee300000, 0x00000000ee300000, 0x00000000ee400000|  0%| F|  |TAMS 0x00000000ee300000, 0x00000000ee300000| Untracked 
| 228|0x00000000ee400000, 0x00000000ee400000, 0x00000000ee500000|  0%| F|  |TAMS 0x00000000ee400000, 0x00000000ee400000| Untracked 
| 229|0x00000000ee500000, 0x00000000ee500000, 0x00000000ee600000|  0%| F|  |TAMS 0x00000000ee500000, 0x00000000ee500000| Untracked 
| 230|0x00000000ee600000, 0x00000000ee600000, 0x00000000ee700000|  0%| F|  |TAMS 0x00000000ee600000, 0x00000000ee600000| Untracked 
| 231|0x00000000ee700000, 0x00000000ee700000, 0x00000000ee800000|  0%| F|  |TAMS 0x00000000ee700000, 0x00000000ee700000| Untracked 
| 232|0x00000000ee800000, 0x00000000ee800000, 0x00000000ee900000|  0%| F|  |TAMS 0x00000000ee800000, 0x00000000ee800000| Untracked 
| 233|0x00000000ee900000, 0x00000000ee900000, 0x00000000eea00000|  0%| F|  |TAMS 0x00000000ee900000, 0x00000000ee900000| Untracked 
| 234|0x00000000eea00000, 0x00000000eea00000, 0x00000000eeb00000|  0%| F|  |TAMS 0x00000000eea00000, 0x00000000eea00000| Untracked 
| 235|0x00000000eeb00000, 0x00000000eeb00000, 0x00000000eec00000|  0%| F|  |TAMS 0x00000000eeb00000, 0x00000000eeb00000| Untracked 
| 236|0x00000000eec00000, 0x00000000eec00000, 0x00000000eed00000|  0%| F|  |TAMS 0x00000000eec00000, 0x00000000eec00000| Untracked 
| 237|0x00000000eed00000, 0x00000000eed00000, 0x00000000eee00000|  0%| F|  |TAMS 0x00000000eed00000, 0x00000000eed00000| Untracked 
| 238|0x00000000eee00000, 0x00000000eee00000, 0x00000000eef00000|  0%| F|  |TAMS 0x00000000eee00000, 0x00000000eee00000| Untracked 
| 239|0x00000000eef00000, 0x00000000eef2cde8, 0x00000000ef000000| 17%| S|CS|TAMS 0x00000000eef00000, 0x00000000eef00000| Complete 
| 240|0x00000000ef000000, 0x00000000ef100000, 0x00000000ef100000|100%| S|CS|TAMS 0x00000000ef000000, 0x00000000ef000000| Complete 
| 241|0x00000000ef100000, 0x00000000ef200000, 0x00000000ef200000|100%| S|CS|TAMS 0x00000000ef100000, 0x00000000ef100000| Complete 
| 242|0x00000000ef200000, 0x00000000ef300000, 0x00000000ef300000|100%| S|CS|TAMS 0x00000000ef200000, 0x00000000ef200000| Complete 
| 243|0x00000000ef300000, 0x00000000ef400000, 0x00000000ef400000|100%| S|CS|TAMS 0x00000000ef300000, 0x00000000ef300000| Complete 
| 244|0x00000000ef400000, 0x00000000ef400000, 0x00000000ef500000|  0%| F|  |TAMS 0x00000000ef400000, 0x00000000ef400000| Untracked 
| 245|0x00000000ef500000, 0x00000000ef500000, 0x00000000ef600000|  0%| F|  |TAMS 0x00000000ef500000, 0x00000000ef500000| Untracked 
| 246|0x00000000ef600000, 0x00000000ef600000, 0x00000000ef700000|  0%| F|  |TAMS 0x00000000ef600000, 0x00000000ef600000| Untracked 
| 247|0x00000000ef700000, 0x00000000ef700000, 0x00000000ef800000|  0%| F|  |TAMS 0x00000000ef700000, 0x00000000ef700000| Untracked 
| 248|0x00000000ef800000, 0x00000000ef800000, 0x00000000ef900000|  0%| F|  |TAMS 0x00000000ef800000, 0x00000000ef800000| Untracked 
| 249|0x00000000ef900000, 0x00000000ef97a8e0, 0x00000000efa00000| 47%| E|  |TAMS 0x00000000ef900000, 0x00000000ef900000| Complete 
| 250|0x00000000efa00000, 0x00000000efb00000, 0x00000000efb00000|100%| E|CS|TAMS 0x00000000efa00000, 0x00000000efa00000| Complete 
| 251|0x00000000efb00000, 0x00000000efc00000, 0x00000000efc00000|100%| E|CS|TAMS 0x00000000efb00000, 0x00000000efb00000| Complete 
| 252|0x00000000efc00000, 0x00000000efd00000, 0x00000000efd00000|100%| E|CS|TAMS 0x00000000efc00000, 0x00000000efc00000| Complete 
| 253|0x00000000efd00000, 0x00000000efe00000, 0x00000000efe00000|100%| E|CS|TAMS 0x00000000efd00000, 0x00000000efd00000| Complete 
| 254|0x00000000efe00000, 0x00000000eff00000, 0x00000000eff00000|100%| E|CS|TAMS 0x00000000efe00000, 0x00000000efe00000| Complete 
| 255|0x00000000eff00000, 0x00000000f0000000, 0x00000000f0000000|100%| E|CS|TAMS 0x00000000eff00000, 0x00000000eff00000| Complete 

Card table byte_map: [0x000001c2df970000,0x000001c2dfa70000] _byte_map_base: 0x000001c2df270000

Marking Bits (Prev, Next): (CMBitMap*) 0x000001c2c826bf80, (CMBitMap*) 0x000001c2c826bf48
 Prev Bits: [0x000001c2e0370000, 0x000001c2e0b70000)
 Next Bits: [0x000001c2dfb70000, 0x000001c2e0370000)

Polling page: 0x000001c2c63f0000

Metaspace:

Usage:
  Non-class:     18.80 MB capacity,    18.45 MB ( 98%) used,   321.70 KB (  2%) free+waste,    38.50 KB ( <1%) overhead. 
      Class:      2.78 MB capacity,     2.58 MB ( 93%) used,   184.13 KB (  6%) free+waste,    18.94 KB ( <1%) overhead. 
       Both:     21.58 MB capacity,    21.03 MB ( 97%) used,   505.82 KB (  2%) free+waste,    57.44 KB ( <1%) overhead. 

Virtual space:
  Non-class space:       20.00 MB reserved,      18.87 MB ( 94%) committed 
      Class space:      248.00 MB reserved,       2.88 MB (  1%) committed 
             Both:      268.00 MB reserved,      21.75 MB (  8%) committed 

Chunk freelists:
   Non-Class:  13.00 KB
       Class:  0 bytes
        Both:  12.00 KB

MaxMetaspaceSize: 256.00 MB
CompressedClassSpaceSize: 248.00 MB
Initial GC threshold: 20.80 MB
Current GC threshold: 35.20 MB
CDS: off

CodeHeap 'non-profiled nmethods': size=120064Kb used=957Kb max_used=957Kb free=119106Kb
 bounds [0x000001c2d8430000, 0x000001c2d86a0000, 0x000001c2df970000]
CodeHeap 'profiled nmethods': size=120000Kb used=4311Kb max_used=4311Kb free=115688Kb
 bounds [0x000001c2d0f00000, 0x000001c2d1340000, 0x000001c2d8430000]
CodeHeap 'non-nmethods': size=5696Kb used=1209Kb max_used=1224Kb free=4486Kb
 bounds [0x000001c2d0970000, 0x000001c2d0be0000, 0x000001c2d0f00000]
 total_blobs=2495 nmethods=2015 adapters=392
 compilation: enabled
              stopped_count=0, restarted_count=0
 full_count=0

Compilation events (20 events):
Event: 13.712 Thread 0x000001c2e31ab800 2014       3       java.util.concurrent.locks.ReentrantLock::unlock (10 bytes)
Event: 13.713 Thread 0x000001c2e31ab800 nmethod 2014 0x000001c2d1329010 code [0x000001c2d13291e0, 0x000001c2d1329518]
Event: 13.743 Thread 0x000001c2e31ab800 2015       1       java.net.InetAddress::holder (5 bytes)
Event: 13.743 Thread 0x000001c2e31ab800 nmethod 2015 0x000001c2d851e890 code [0x000001c2d851ea40, 0x000001c2d851eaf8]
Event: 13.761 Thread 0x000001c2e31ab800 2016       3       com.google.common.collect.AbstractIndexedListIterator::next (31 bytes)
Event: 13.762 Thread 0x000001c2e31ab800 nmethod 2016 0x000001c2d1329690 code [0x000001c2d1329880, 0x000001c2d1329bf8]
Event: 13.762 Thread 0x000001c2e31ab800 2017       3       com.google.common.collect.Iterators$ArrayItr::get (12 bytes)
Event: 13.762 Thread 0x000001c2e31ab800 nmethod 2017 0x000001c2d1329d10 code [0x000001c2d1329ec0, 0x000001c2d1329ff8]
Event: 13.764 Thread 0x000001c2e31ab800 2018       3       org.gradle.internal.file.FilePathUtil::sizeOfCommonPrefix (142 bytes)
Event: 13.770 Thread 0x000001c2e31ab800 nmethod 2018 0x000001c2d132a110 code [0x000001c2d132a560, 0x000001c2d132c738]
Event: 13.770 Thread 0x000001c2e31ab800 2019       3       org.gradle.internal.file.FileHierarchySet$Node::sizeOfCommonPrefix (10 bytes)
Event: 13.770 Thread 0x000001c2e31ab800 nmethod 2019 0x000001c2d132d490 code [0x000001c2d132d660, 0x000001c2d132d7e8]
Event: 13.770 Thread 0x000001c2e31ab800 2020       3       org.gradle.internal.file.FilePathUtil::sizeOfCommonPrefix (10 bytes)
Event: 13.771 Thread 0x000001c2e31ab800 nmethod 2020 0x000001c2d132d910 code [0x000001c2d132dac0, 0x000001c2d132dbc8]
Event: 13.821 Thread 0x000001c2e31ab800 2021       3       java.lang.System::getProperty (25 bytes)
Event: 13.822 Thread 0x000001c2e31ab800 nmethod 2021 0x000001c2d132dc90 code [0x000001c2d132dec0, 0x000001c2d132e488]
Event: 13.824 Thread 0x000001c2e31ab800 2022       3       java.security.MessageDigest$Delegate::engineUpdate (11 bytes)
Event: 13.825 Thread 0x000001c2e31ab800 nmethod 2022 0x000001c2d132e690 code [0x000001c2d132e840, 0x000001c2d132ea08]
Event: 13.825 Thread 0x000001c2e31ab800 2023       3       java.security.MessageDigest::update (14 bytes)
Event: 13.826 Thread 0x000001c2e31ab800 nmethod 2023 0x000001c2d132eb10 code [0x000001c2d132ecc0, 0x000001c2d132eea8]

GC Heap History (10 events):
Event: 3.107 GC heap before
{Heap before GC invocations=0 (full 0):
 garbage-first heap   total 262144K, used 16384K [0x00000000e0000000, 0x0000000100000000)
  region size 1024K, 14 young (14336K), 0 survivors (0K)
 Metaspace       used 6801K, capacity 7001K, committed 7168K, reserved 262144K
  class space    used 575K, capacity 650K, committed 768K, reserved 253952K
}
Event: 3.166 GC heap after
{Heap after GC invocations=1 (full 0):
 garbage-first heap   total 262144K, used 4075K [0x00000000e0000000, 0x0000000100000000)
  region size 1024K, 2 young (2048K), 2 survivors (2048K)
 Metaspace       used 6801K, capacity 7001K, committed 7168K, reserved 262144K
  class space    used 575K, capacity 650K, committed 768K, reserved 253952K
}
Event: 5.648 GC heap before
{Heap before GC invocations=1 (full 0):
 garbage-first heap   total 262144K, used 28651K [0x00000000e0000000, 0x0000000100000000)
  region size 1024K, 23 young (23552K), 2 survivors (2048K)
 Metaspace       used 10836K, capacity 11085K, committed 11264K, reserved 264192K
  class space    used 1113K, capacity 1207K, committed 1280K, reserved 253952K
}
Event: 5.654 GC heap after
{Heap after GC invocations=2 (full 0):
 garbage-first heap   total 262144K, used 9475K [0x00000000e0000000, 0x0000000100000000)
  region size 1024K, 3 young (3072K), 3 survivors (3072K)
 Metaspace       used 10836K, capacity 11085K, committed 11264K, reserved 264192K
  class space    used 1113K, capacity 1207K, committed 1280K, reserved 253952K
}
Event: 7.197 GC heap before
{Heap before GC invocations=2 (full 0):
 garbage-first heap   total 262144K, used 36099K [0x00000000e0000000, 0x0000000100000000)
  region size 1024K, 29 young (29696K), 3 survivors (3072K)
 Metaspace       used 10963K, capacity 11213K, committed 11520K, reserved 264192K
  class space    used 1116K, capacity 1207K, committed 1280K, reserved 253952K
}
Event: 7.204 GC heap after
{Heap after GC invocations=3 (full 0):
 garbage-first heap   total 262144K, used 12903K [0x00000000e0000000, 0x0000000100000000)
  region size 1024K, 4 young (4096K), 4 survivors (4096K)
 Metaspace       used 10963K, capacity 11213K, committed 11520K, reserved 264192K
  class space    used 1116K, capacity 1207K, committed 1280K, reserved 253952K
}
Event: 12.897 GC heap before
{Heap before GC invocations=3 (full 0):
 garbage-first heap   total 262144K, used 67175K [0x00000000e0000000, 0x0000000100000000)
  region size 1024K, 57 young (58368K), 4 survivors (4096K)
 Metaspace       used 19488K, capacity 19928K, committed 20224K, reserved 272384K
  class space    used 2341K, capacity 2486K, committed 2560K, reserved 253952K
}
Event: 12.915 GC heap after
{Heap after GC invocations=4 (full 0):
 garbage-first heap   total 262144K, used 16514K [0x00000000e0000000, 0x0000000100000000)
  region size 1024K, 7 young (7168K), 7 survivors (7168K)
 Metaspace       used 19488K, capacity 19928K, committed 20224K, reserved 272384K
  class space    used 2341K, capacity 2486K, committed 2560K, reserved 253952K
}
Event: 13.626 GC heap before
{Heap before GC invocations=4 (full 0):
 garbage-first heap   total 262144K, used 27778K [0x00000000e0000000, 0x0000000100000000)
  region size 1024K, 19 young (19456K), 7 survivors (7168K)
 Metaspace       used 20707K, capacity 21121K, committed 21296K, reserved 274432K
  class space    used 2509K, capacity 2666K, committed 2688K, reserved 253952K
}
Event: 13.638 GC heap after
{Heap after GC invocations=5 (full 0):
 garbage-first heap   total 262144K, used 17173K [0x00000000e0000000, 0x0000000100000000)
  region size 1024K, 5 young (5120K), 5 survivors (5120K)
 Metaspace       used 20707K, capacity 21121K, committed 21296K, reserved 274432K
  class space    used 2509K, capacity 2666K, committed 2688K, reserved 253952K
}

Deoptimization events (20 events):
Event: 13.818 Thread 0x000001c2e542c800 DEOPT PACKING pc=0x000001c2d844fae0 sp=0x0000000bb21fb290
Event: 13.818 Thread 0x000001c2e542c800 DEOPT UNPACKING pc=0x000001c2d09ba1af sp=0x0000000bb21fb228 mode 2
Event: 13.821 Thread 0x000001c2e542c800 Uncommon trap: trap_request=0xffffffc6 fr.pc=0x000001c2d84adfa4 relative=0x0000000000000084
Event: 13.821 Thread 0x000001c2e542c800 Uncommon trap: reason=bimorphic_or_optimized_type_check action=maybe_recompile pc=0x000001c2d84adfa4 method=java.util.AbstractList$Itr.hasNext()Z @ 8 c2
Event: 13.821 Thread 0x000001c2e542c800 DEOPT PACKING pc=0x000001c2d84adfa4 sp=0x0000000bb21fa7f0
Event: 13.821 Thread 0x000001c2e542c800 DEOPT UNPACKING pc=0x000001c2d09ba1af sp=0x0000000bb21fa788 mode 2
Event: 13.821 Thread 0x000001c2e542c800 Uncommon trap: trap_request=0xffffffc6 fr.pc=0x000001c2d84ae354 relative=0x0000000000000114
Event: 13.821 Thread 0x000001c2e542c800 Uncommon trap: reason=bimorphic_or_optimized_type_check action=maybe_recompile pc=0x000001c2d84ae354 method=java.util.AbstractList$Itr.next()Ljava/lang/Object; @ 14 c2
Event: 13.821 Thread 0x000001c2e542c800 DEOPT PACKING pc=0x000001c2d84ae354 sp=0x0000000bb21fa7e0
Event: 13.821 Thread 0x000001c2e542c800 DEOPT UNPACKING pc=0x000001c2d09ba1af sp=0x0000000bb21fa778 mode 2
Event: 13.826 Thread 0x000001c2e542c800 Uncommon trap: trap_request=0xffffff4d fr.pc=0x000001c2d84aac7c relative=0x000000000000063c
Event: 13.826 Thread 0x000001c2e542c800 Uncommon trap: reason=unstable_if action=reinterpret pc=0x000001c2d84aac7c method=java.io.File.getName()Ljava/lang/String; @ 16 c2
Event: 13.826 Thread 0x000001c2e542c800 DEOPT PACKING pc=0x000001c2d84aac7c sp=0x0000000bb21fb220
Event: 13.826 Thread 0x000001c2e542c800 DEOPT UNPACKING pc=0x000001c2d09ba1af sp=0x0000000bb21fb1f0 mode 2
Event: 13.826 Thread 0x000001c2e542c800 Uncommon trap: trap_request=0xffffff4d fr.pc=0x000001c2d84a9f2c relative=0x00000000000004ec
Event: 13.826 Thread 0x000001c2e542c800 Uncommon trap: reason=unstable_if action=reinterpret pc=0x000001c2d84a9f2c method=java.lang.String.substring(I)Ljava/lang/String; @ 34 c2
Event: 13.826 Thread 0x000001c2e542c800 DEOPT PACKING pc=0x000001c2d84a9f2c sp=0x0000000bb21fb1a0
Event: 13.826 Thread 0x000001c2e542c800 DEOPT UNPACKING pc=0x000001c2d09ba1af sp=0x0000000bb21fb178 mode 2
Event: 13.964 Thread 0x000001c2e542c800 DEOPT PACKING pc=0x000001c2d12a0768 sp=0x0000000bb21f84d0
Event: 13.964 Thread 0x000001c2e542c800 DEOPT UNPACKING pc=0x000001c2d09ba95e sp=0x0000000bb21f79d8 mode 0

Classes redefined (0 events):
No events

Internal exceptions (20 events):
Event: 7.190 Thread 0x000001c2c8242000 Exception <a 'java/security/PrivilegedActionException'{0x00000000ee3ee348}> (0x00000000ee3ee348) thrown at [./src/hotspot/share/prims/jvm.cpp, line 1306]
Event: 7.190 Thread 0x000001c2c8242000 Exception <a 'java/security/PrivilegedActionException'{0x00000000ee3ee8c0}> (0x00000000ee3ee8c0) thrown at [./src/hotspot/share/prims/jvm.cpp, line 1306]
Event: 8.521 Thread 0x000001c2c8242000 Exception <a 'java/lang/NoSuchMethodError'{0x00000000eeeba920}: 'java.lang.Object java.lang.invoke.DirectMethodHandle$Holder.invokeStaticInit(java.lang.Object, java.lang.Object, java.lang.Object)'> (0x00000000eeeba920) thrown at [./src/hotspot/share/interpreter/linkResolver.cpp, line 773]
Event: 9.160 Thread 0x000001c2c8242000 Exception <a 'java/lang/NoSuchMethodError'{0x00000000ee71b930}: 'java.lang.Object java.lang.invoke.DirectMethodHandle$Holder.invokeStaticInit(java.lang.Object, int, int, int, int)'> (0x00000000ee71b930) thrown at [./src/hotspot/share/interpreter/linkResolver.cpp, line 773]
Event: 9.815 Thread 0x000001c2c8242000 Exception <a 'java/lang/NoSuchMethodError'{0x00000000ee73abc0}: 'java.lang.Object java.lang.invoke.DirectMethodHandle$Holder.invokeStaticInit(java.lang.Object, java.lang.Object, int, int, int, int)'> (0x00000000ee73abc0) thrown at [./src/hotspot/share/interpreter/linkResolver.cpp, line 773]
Event: 11.002 Thread 0x000001c2c8242000 Exception <a 'java/io/IOException'{0x00000000ee6e36d8}> (0x00000000ee6e36d8) thrown at [./src/hotspot/share/prims/jni.cpp, line 616]
Event: 11.678 Thread 0x000001c2e4bab000 Exception <a 'java/lang/NoSuchMethodError'{0x00000000ede6c398}: <clinit>> (0x00000000ede6c398) thrown at [./src/hotspot/share/prims/jni.cpp, line 1366]
Event: 11.686 Thread 0x000001c2e4bab000 Exception <a 'java/lang/NoSuchMethodError'{0x00000000ede84460}: <clinit>> (0x00000000ede84460) thrown at [./src/hotspot/share/prims/jni.cpp, line 1366]
Event: 11.688 Thread 0x000001c2e4bab000 Exception <a 'java/lang/NoSuchMethodError'{0x00000000ede8de28}: <clinit>> (0x00000000ede8de28) thrown at [./src/hotspot/share/prims/jni.cpp, line 1366]
Event: 11.697 Thread 0x000001c2e4bab000 Exception <a 'java/lang/NoSuchMethodError'{0x00000000edea3240}: <clinit>> (0x00000000edea3240) thrown at [./src/hotspot/share/prims/jni.cpp, line 1366]
Event: 11.995 Thread 0x000001c2e542c800 Exception <a 'java/lang/NoSuchMethodError'{0x00000000edad9088}: 'long java.lang.invoke.DirectMethodHandle$Holder.invokeInterface(java.lang.Object, java.lang.Object)'> (0x00000000edad9088) thrown at [./src/hotspot/share/interpreter/linkResolver.cpp, line 773]
Event: 11.999 Thread 0x000001c2e542c800 Exception <a 'java/lang/NoSuchMethodError'{0x00000000edae6128}: 'void java.lang.invoke.DelegatingMethodHandle$Holder.reinvoke_L(java.lang.Object, java.lang.Object, java.lang.Object, java.lang.Object, java.lang.Object, java.lang.Object, java.lang.Object)'> (0x00000000edae6128) thrown at [./src/hotspot/share/interpreter/linkResolver.cpp, line 773]
Event: 12.977 Thread 0x000001c2e4708000 Exception <a 'java/lang/NoSuchMethodError'{0x00000000eff92248}: <clinit>> (0x00000000eff92248) thrown at [./src/hotspot/share/prims/jni.cpp, line 1366]
Event: 12.978 Thread 0x000001c2e4708000 Exception <a 'java/lang/NoSuchMethodError'{0x00000000eff93820}: <clinit>> (0x00000000eff93820) thrown at [./src/hotspot/share/prims/jni.cpp, line 1366]
Event: 12.986 Thread 0x000001c2e4708000 Exception <a 'java/lang/NoSuchMethodError'{0x00000000eff9c2a0}: <clinit>> (0x00000000eff9c2a0) thrown at [./src/hotspot/share/prims/jni.cpp, line 1366]
Event: 12.999 Thread 0x000001c2e4708000 Exception <a 'java/lang/NoSuchMethodError'{0x00000000effac150}: <clinit>> (0x00000000effac150) thrown at [./src/hotspot/share/prims/jni.cpp, line 1366]
Event: 13.317 Thread 0x000001c2e542c800 Exception <a 'java/lang/NoSuchMethodError'{0x00000000ef74cad8}: 'void java.lang.invoke.DirectMethodHandle$Holder.invokeStaticInit(java.lang.Object)'> (0x00000000ef74cad8) thrown at [./src/hotspot/share/interpreter/linkResolver.cpp, line 773]
Event: 13.444 Thread 0x000001c2e542c800 Exception <a 'java/lang/NoSuchMethodError'{0x00000000ef7f96d8}: 'java.lang.Object java.lang.invoke.DirectMethodHandle$Holder.invokeStatic(java.lang.Object, java.lang.Object, java.lang.Object, int)'> (0x00000000ef7f96d8) thrown at [./src/hotspot/share/interpreter/linkResolver.cpp, line 773]
Event: 13.445 Thread 0x000001c2e542c800 Exception <a 'java/lang/NoSuchMethodError'{0x00000000ef7fddf0}: 'java.lang.Object java.lang.invoke.DirectMethodHandle$Holder.invokeSpecial(java.lang.Object, java.lang.Object, java.lang.Object, java.lang.Object, int)'> (0x00000000ef7fddf0) thrown at [./src/hotspot/share/interpreter/linkResolver.cpp, line 773]
Event: 13.446 Thread 0x000001c2e542c800 Exception <a 'java/lang/NoSuchMethodError'{0x00000000ef602798}: 'java.lang.Object java.lang.invoke.Invokers$Holder.linkToTargetMethod(java.lang.Object, java.lang.Object, int, java.lang.Object)'> (0x00000000ef602798) thrown at [./src/hotspot/share/interpreter/linkResolver.cpp, line 773]

Events (20 events):
Event: 13.928 loading class com/google/common/io/ByteSource$SlicedByteSource
Event: 13.928 loading class com/google/common/io/ByteSource$SlicedByteSource done
Event: 13.929 loading class com/google/common/io/CharSource
Event: 13.929 loading class com/google/common/io/CharSource done
Event: 13.931 loading class com/google/common/io/ByteSource$AsCharSource
Event: 13.931 loading class com/google/common/io/ByteSource$AsCharSource done
Event: 13.932 loading class com/google/common/io/CharSource$ConcatenatedCharSource
Event: 13.932 loading class com/google/common/io/CharSource$ConcatenatedCharSource done
Event: 13.934 loading class com/google/common/io/CharSource$EmptyCharSource
Event: 13.934 loading class com/google/common/io/CharSource$EmptyCharSource done
Event: 13.936 loading class com/google/common/io/CharSource$StringCharSource
Event: 13.936 loading class com/google/common/io/CharSource$StringCharSource done
Event: 13.937 loading class com/google/common/io/CharSource$CharSequenceCharSource
Event: 13.937 loading class com/google/common/io/CharSource$CharSequenceCharSource done
Event: 13.938 loading class com/google/common/io/CharSource$AsByteSource
Event: 13.938 loading class com/google/common/io/CharSource$AsByteSource done
Event: 13.961 loading class org/apache/commons/io/FileUtils
Event: 13.961 loading class org/apache/commons/io/FileUtils done
Event: 13.978 loading class org/apache/commons/io/filefilter/IOFileFilter
Event: 13.978 loading class org/apache/commons/io/filefilter/IOFileFilter done


Dynamic libraries:
0x00007ff677de0000 - 0x00007ff677ded000 	C:\Users\Public\wpilib\2022\jdk\bin\java.exe
0x00007ffc465b0000 - 0x00007ffc467a5000 	C:\Windows\SYSTEM32\ntdll.dll
0x00007ffc45b70000 - 0x00007ffc45c2e000 	C:\Windows\System32\KERNEL32.DLL
0x00007ffc44320000 - 0x00007ffc445e8000 	C:\Windows\System32\KERNELBASE.dll
0x00007ffc44140000 - 0x00007ffc44240000 	C:\Windows\System32\ucrtbase.dll
0x00007ffc24920000 - 0x00007ffc24937000 	C:\Users\Public\wpilib\2022\jdk\bin\jli.dll
0x00007ffc29cb0000 - 0x00007ffc29ccb000 	C:\Users\Public\wpilib\2022\jdk\bin\VCRUNTIME140.dll
0x00007ffc44b40000 - 0x00007ffc44ce1000 	C:\Windows\System32\USER32.dll
0x00007ffc44290000 - 0x00007ffc442b2000 	C:\Windows\System32\win32u.dll
0x00007ffc30810000 - 0x00007ffc30aaa000 	C:\Windows\WinSxS\amd64_microsoft.windows.common-controls_6595b64144ccf1df_6.0.19041.1110_none_60b5254171f9507e\COMCTL32.dll
0x00007ffc445f0000 - 0x00007ffc4461b000 	C:\Windows\System32\GDI32.dll
0x00007ffc44620000 - 0x00007ffc446be000 	C:\Windows\System32\msvcrt.dll
0x00007ffc43fa0000 - 0x00007ffc440ad000 	C:\Windows\System32\gdi32full.dll
0x00007ffc43f00000 - 0x00007ffc43f9d000 	C:\Windows\System32\msvcp_win.dll
0x00007ffc46400000 - 0x00007ffc46430000 	C:\Windows\System32\IMM32.DLL
0x00007ffbfe700000 - 0x00007ffbfe78d000 	C:\Users\Public\wpilib\2022\jdk\bin\msvcp140.dll
0x00007ffc3ea40000 - 0x00007ffc3ea4c000 	C:\Users\Public\wpilib\2022\jdk\bin\VCRUNTIME140_1.dll
0x00007ffbed840000 - 0x00007ffbee3be000 	C:\Users\Public\wpilib\2022\jdk\bin\server\jvm.dll
0x00007ffc45c30000 - 0x00007ffc45cdc000 	C:\Windows\System32\ADVAPI32.dll
0x00007ffc44d50000 - 0x00007ffc44deb000 	C:\Windows\System32\sechost.dll
0x00007ffc45ce0000 - 0x00007ffc45e0a000 	C:\Windows\System32\RPCRT4.dll
0x00007ffc45a80000 - 0x00007ffc45a88000 	C:\Windows\System32\PSAPI.DLL
0x00007ffc304d0000 - 0x00007ffc304d9000 	C:\Windows\SYSTEM32\WSOCK32.dll
0x00007ffc458b0000 - 0x00007ffc4591b000 	C:\Windows\System32\WS2_32.dll
0x00007ffc38e90000 - 0x00007ffc38eb7000 	C:\Windows\SYSTEM32\WINMM.dll
0x00007ffc3b7d0000 - 0x00007ffc3b7da000 	C:\Windows\SYSTEM32\VERSION.dll
0x00007ffc42540000 - 0x00007ffc42552000 	C:\Windows\SYSTEM32\kernel.appcore.dll
0x00007ffc3e090000 - 0x00007ffc3e0a0000 	C:\Users\Public\wpilib\2022\jdk\bin\verify.dll
0x00007ffc41b80000 - 0x00007ffc41d64000 	C:\Windows\SYSTEM32\DBGHELP.DLL
0x00007ffc2fec0000 - 0x00007ffc2feec000 	C:\Windows\SYSTEM32\dbgcore.DLL
0x00007ffc440b0000 - 0x00007ffc44132000 	C:\Windows\System32\bcryptPrimitives.dll
0x00007ffc1cdd0000 - 0x00007ffc1cdf8000 	C:\Users\Public\wpilib\2022\jdk\bin\java.dll
0x00007ffc3db00000 - 0x00007ffc3db0a000 	C:\Users\Public\wpilib\2022\jdk\bin\jimage.dll
0x00007ffc1c480000 - 0x00007ffc1c497000 	C:\Users\Public\wpilib\2022\jdk\bin\zip.dll
0x00007ffc45140000 - 0x00007ffc45884000 	C:\Windows\System32\SHELL32.dll
0x00007ffc41d90000 - 0x00007ffc42524000 	C:\Windows\SYSTEM32\windows.storage.dll
0x00007ffc45e10000 - 0x00007ffc46165000 	C:\Windows\System32\combase.dll
0x00007ffc43640000 - 0x00007ffc4366e000 	C:\Windows\SYSTEM32\Wldp.dll
0x00007ffc44ec0000 - 0x00007ffc44f6d000 	C:\Windows\System32\SHCORE.dll
0x00007ffc45a20000 - 0x00007ffc45a75000 	C:\Windows\System32\shlwapi.dll
0x00007ffc43c00000 - 0x00007ffc43c1f000 	C:\Windows\SYSTEM32\profapi.dll
0x00007ffc1c440000 - 0x00007ffc1c459000 	C:\Users\Public\wpilib\2022\jdk\bin\net.dll
0x00007ffc35750000 - 0x00007ffc3585c000 	C:\Windows\SYSTEM32\WINHTTP.dll
0x00007ffc433a0000 - 0x00007ffc4340a000 	C:\Windows\system32\mswsock.dll
0x00007ffc1c420000 - 0x00007ffc1c432000 	C:\Users\Public\wpilib\2022\jdk\bin\nio.dll
0x00007ffc17540000 - 0x00007ffc17567000 	C:\Users\wyre robotics\.gradle\native\e1d6ef7f7dcc3fd88c89a11ec53ec762bb8ba0a96d01ffa2cd45eb1d1d8dd5c5\windows-amd64\native-platform.dll
0x00007ffbfe5b0000 - 0x00007ffbfe6f4000 	C:\Users\wyre robotics\.gradle\native\5664cfc778a61ccfe75a443a1ab52a65af34e5dc3c78e0209fed803814484fcb\windows-amd64\native-platform-file-events.dll
0x00007ffc1c410000 - 0x00007ffc1c419000 	C:\Users\Public\wpilib\2022\jdk\bin\management.dll
0x00007ffc18700000 - 0x00007ffc1870b000 	C:\Users\Public\wpilib\2022\jdk\bin\management_ext.dll
0x00007ffc43590000 - 0x00007ffc435a8000 	C:\Windows\SYSTEM32\CRYPTSP.dll
0x00007ffc42d20000 - 0x00007ffc42d54000 	C:\Windows\system32\rsaenh.dll
0x00007ffc43d70000 - 0x00007ffc43d97000 	C:\Windows\System32\bcrypt.dll
0x00007ffc43bc0000 - 0x00007ffc43bee000 	C:\Windows\SYSTEM32\USERENV.dll
0x00007ffc435b0000 - 0x00007ffc435bc000 	C:\Windows\SYSTEM32\CRYPTBASE.dll
0x00007ffc43090000 - 0x00007ffc430cb000 	C:\Windows\SYSTEM32\IPHLPAPI.DLL
0x00007ffc45980000 - 0x00007ffc45988000 	C:\Windows\System32\NSI.dll
0x00007ffc3ab70000 - 0x00007ffc3ab87000 	C:\Windows\SYSTEM32\dhcpcsvc6.DLL
0x00007ffc3b430000 - 0x00007ffc3b44d000 	C:\Windows\SYSTEM32\dhcpcsvc.DLL
0x00007ffc430d0000 - 0x00007ffc4319b000 	C:\Windows\SYSTEM32\DNSAPI.dll

dbghelp: loaded successfully - version: 4.0.5 - missing functions: none
symbol engine: initialized successfully - sym options: 0x614 - pdb path: .;C:\Users\Public\wpilib\2022\jdk\bin;C:\Windows\SYSTEM32;C:\Windows\WinSxS\amd64_microsoft.windows.common-controls_6595b64144ccf1df_6.0.19041.1110_none_60b5254171f9507e;C:\Users\Public\wpilib\2022\jdk\bin\server;C:\Users\wyre robotics\.gradle\native\e1d6ef7f7dcc3fd88c89a11ec53ec762bb8ba0a96d01ffa2cd45eb1d1d8dd5c5\windows-amd64;C:\Users\wyre robotics\.gradle\native\5664cfc778a61ccfe75a443a1ab52a65af34e5dc3c78e0209fed803814484fcb\windows-amd64

VM Arguments:
jvm_args: --add-opens=java.base/java.util=ALL-UNNAMED --add-opens=java.base/java.lang=ALL-UNNAMED --add-opens=java.base/java.lang.invoke=ALL-UNNAMED --add-opens=java.base/java.util=ALL-UNNAMED --add-opens=java.prefs/java.util.prefs=ALL-UNNAMED --add-opens=java.prefs/java.util.prefs=ALL-UNNAMED --add-opens=java.base/java.nio.charset=ALL-UNNAMED --add-opens=java.base/java.net=ALL-UNNAMED --add-opens=java.base/java.util.concurrent.atomic=ALL-UNNAMED -XX:MaxMetaspaceSize=256m -XX:+HeapDumpOnOutOfMemoryError -Xms256m -Xmx512m -Dfile.encoding=utf8 -Duser.country=US -Duser.language=en -Duser.variant 
java_command: org.gradle.launcher.daemon.bootstrap.GradleDaemon 7.3.3
java_class_path (initial): C:\Users\wyre robotics\.gradle\permwrapper\dists\gradle-7.3.3-bin\6a41zxkdtcxs8rphpq6y0069z\gradle-7.3.3\lib\gradle-launcher-7.3.3.jar
Launcher Type: SUN_STANDARD

[Global flags]
     intx CICompilerCount                          = 3                                         {product} {ergonomic}
   size_t CompressedClassSpaceSize                 = 260046848                                 {product} {ergonomic}
     uint ConcGCThreads                            = 1                                         {product} {ergonomic}
     uint G1ConcRefinementThreads                  = 4                                         {product} {ergonomic}
   size_t G1HeapRegionSize                         = 1048576                                   {product} {ergonomic}
    uintx GCDrainStackTargetSize                   = 64                                        {product} {ergonomic}
     bool HeapDumpOnOutOfMemoryError               = true                                   {manageable} {command line}
   size_t InitialHeapSize                          = 268435456                                 {product} {command line}
   size_t MarkStackSize                            = 4194304                                   {product} {ergonomic}
   size_t MaxHeapSize                              = 536870912                                 {product} {command line}
   size_t MaxMetaspaceSize                         = 268435456                                 {product} {command line}
   size_t MaxNewSize                               = 321912832                                 {product} {ergonomic}
   size_t MinHeapDeltaBytes                        = 1048576                                   {product} {ergonomic}
    uintx NonNMethodCodeHeapSize                   = 5830732                                {pd product} {ergonomic}
    uintx NonProfiledCodeHeapSize                  = 122913754                              {pd product} {ergonomic}
    uintx ProfiledCodeHeapSize                     = 122913754                              {pd product} {ergonomic}
    uintx ReservedCodeCacheSize                    = 251658240                              {pd product} {ergonomic}
     bool SegmentedCodeCache                       = true                                      {product} {ergonomic}
     bool UseCompressedClassPointers               = true                                 {lp64_product} {ergonomic}
     bool UseCompressedOops                        = true                                 {lp64_product} {ergonomic}
     bool UseG1GC                                  = true                                      {product} {ergonomic}
     bool UseLargePagesIndividualAllocation        = false                                  {pd product} {ergonomic}

Logging:
Log output configuration:
 #0: stdout all=warning uptime,level,tags
 #1: stderr all=off uptime,level,tags

Environment Variables:
PATH=C:\Program Files\National Instruments\Shared\OpenVINO\;C:\Windows\system32;C:\Windows;C:\Windows\System32\Wbem;C:\Windows\System32\WindowsPowerShell\v1.0\;C:\Windows\System32\OpenSSH\;C:\Program Files (x86)\IVI Foundation\VISA\WinNT\Bin\;C:\Program Files\IVI Foundation\VISA\Win64\Bin\;C:\Program Files (x86)\National Instruments\Shared\LabVIEW CLI;C:\Users\wyre robotics\AppData\Local\Microsoft\WindowsApps;
USERNAME=wyre robotics
OS=Windows_NT
PROCESSOR_IDENTIFIER=AMD64 Family 23 Model 32 Stepping 1, AuthenticAMD



---------------  S Y S T E M  ---------------

OS: Windows 10 , 64 bit Build 19041 (10.0.19041.1348)
OS uptime: 0 days 1:21 hours

CPU:total 4 (initial active 4) (4 cores per cpu, 2 threads per core) family 23 model 32 stepping 1 microcode 0x0, cmov, cx8, fxsr, mmx, sse, sse2, sse3, ssse3, sse4.1, sse4.2, popcnt, avx, avx2, aes, clmul, mmxext, 3dnowpref, lzcnt, sse4a, ht, tsc, tscinvbit, tscinv, bmi1, bmi2, adx, sha, fma

Memory: 4k page, system-wide physical 3467M (261M free)
TotalPageFile size 7253M (AvailPageFile size 1M)
current process WorkingSet (physical memory assigned to process): 166M, peak: 166M
current process commit charge ("private bytes"): 383M, peak: 384M

vm_info: OpenJDK 64-Bit Server VM (11.0.13+8) for windows-amd64 JRE (11.0.13+8), built on Oct 19 2021 17:05:59 by "" with unknown MS VC++:1916

END.
