#
# There is insufficient memory for the Java Runtime Environment to continue.
# Native memory allocation (malloc) failed to allocate 1553456 bytes for Chunk::new
# Possible reasons:
#   The system is out of physical RAM or swap space
#   The process is running with CompressedOops enabled, and the Java Heap may be blocking the growth of the native heap
# Possible solutions:
#   Reduce memory load on the system
#   Increase physical memory or swap space
#   Check if swap backing store is full
#   Decrease Java heap size (-Xmx/-Xms)
#   Decrease number of Java threads
#   Decrease Java thread stack sizes (-Xss)
#   Set larger code cache with -XX:ReservedCodeCacheSize=
#   JVM is running with Unscaled Compressed Oops mode in which the Java heap is
#     placed in the first 4GB address space. The Java Heap base address is the
#     maximum limit for the native heap growth. Please use -XX:HeapBaseMinAddress
#     to set the Java Heap base and to place the Java Heap above 4GB virtual address.
# This output file may be truncated or incomplete.
#
#  Out of Memory Error (./src/hotspot/share/memory/arena.cpp:197), pid=8076, tid=6756
#
# JRE version: OpenJDK Runtime Environment Temurin-11.0.13+8 (11.0.13+8) (build 11.0.13+8)
# Java VM: OpenJDK 64-Bit Server VM Temurin-11.0.13+8 (11.0.13+8, mixed mode, tiered, compressed oops, g1 gc, windows-amd64)
# No core dump will be written. Minidumps are not enabled by default on client versions of Windows
#

---------------  S U M M A R Y ------------

Command Line: --add-opens=java.base/java.util=ALL-UNNAMED --add-opens=java.base/java.lang=ALL-UNNAMED --add-opens=java.base/java.lang.invoke=ALL-UNNAMED --add-opens=java.base/java.util=ALL-UNNAMED --add-opens=java.prefs/java.util.prefs=ALL-UNNAMED --add-opens=java.prefs/java.util.prefs=ALL-UNNAMED --add-opens=java.base/java.nio.charset=ALL-UNNAMED --add-opens=java.base/java.net=ALL-UNNAMED --add-opens=java.base/java.util.concurrent.atomic=ALL-UNNAMED -XX:MaxMetaspaceSize=256m -XX:+HeapDumpOnOutOfMemoryError -Xms256m -Xmx512m -Dfile.encoding=windows-1252 -Duser.country=US -Duser.language=en -Duser.variant org.gradle.launcher.daemon.bootstrap.GradleDaemon 7.3.3

Host: AMD 3015e with Radeon Graphics                 , 4 cores, 3G,  Windows 10 , 64 bit Build 19041 (10.0.19041.1348)
Time: Sat Feb 26 11:17:44 2022 Eastern Standard Time elapsed time: 35.414106 seconds (0d 0h 0m 35s)

---------------  T H R E A D  ---------------

Current thread (0x0000018022fca800):  JavaThread "C2 CompilerThread0" daemon [_thread_in_native, id=6756, stack(0x0000006d61e00000,0x0000006d61f00000)]


Current CompileTask:
C2:  35414 4665       4       groovyjarjarantlr4.v4.runtime.atn.PredictionContext::getCachedContext (297 bytes)

Stack: [0x0000006d61e00000,0x0000006d61f00000]
Native frames: (J=compiled Java code, j=interpreted, Vv=VM code, C=native code)
V  [jvm.dll+0x61cc7a]
V  [jvm.dll+0x7a8fd9]
V  [jvm.dll+0x7aa69f]
V  [jvm.dll+0x7aad73]
V  [jvm.dll+0x24f808]
V  [jvm.dll+0xc260c]
V  [jvm.dll+0xc2bcc]
V  [jvm.dll+0x2c1644]
V  [jvm.dll+0x52beb9]
V  [jvm.dll+0x20a3f4]
V  [jvm.dll+0x207a5b]
V  [jvm.dll+0x18a011]
V  [jvm.dll+0x217599]
V  [jvm.dll+0x21578b]
V  [jvm.dll+0x76ba50]
V  [jvm.dll+0x7649d4]
V  [jvm.dll+0x61bb16]
C  [ucrtbase.dll+0x21bb2]
C  [KERNEL32.DLL+0x17034]
C  [ntdll.dll+0x52651]


---------------  P R O C E S S  ---------------

Threads class SMR info:
_java_thread_list=0x00000180267a2ac0, length=35, elements={
0x0000018008072800, 0x0000018022fb7800, 0x0000018022fb8800, 0x0000018022fc5800,
0x0000018022fc6800, 0x0000018022fc7800, 0x0000018022fca800, 0x0000018022fcb800,
0x0000018022fda000, 0x0000018023a74000, 0x000001802442f800, 0x0000018025140000,
0x0000018024ccb800, 0x000001802481a000, 0x000001802481b000, 0x0000018024581800,
0x0000018024582000, 0x0000018025001000, 0x0000018024f6b800, 0x0000018024f6d800,
0x0000018023c5d000, 0x0000018023c5b800, 0x0000018023c5c800, 0x0000018023c5a800,
0x0000018023c5e000, 0x0000018023c5e800, 0x0000018023c5f800, 0x0000018023c5a000,
0x0000018023c60800, 0x0000018027790800, 0x000001802778f800, 0x0000018027796000,
0x0000018027795800, 0x0000018027798800, 0x0000018027797000
}

Java Threads: ( => current thread )
  0x0000018008072800 JavaThread "main" [_thread_blocked, id=4136, stack(0x0000006d61200000,0x0000006d61300000)]
  0x0000018022fb7800 JavaThread "Reference Handler" daemon [_thread_blocked, id=4548, stack(0x0000006d61900000,0x0000006d61a00000)]
  0x0000018022fb8800 JavaThread "Finalizer" daemon [_thread_blocked, id=10136, stack(0x0000006d61a00000,0x0000006d61b00000)]
  0x0000018022fc5800 JavaThread "Signal Dispatcher" daemon [_thread_blocked, id=8272, stack(0x0000006d61b00000,0x0000006d61c00000)]
  0x0000018022fc6800 JavaThread "Attach Listener" daemon [_thread_blocked, id=13172, stack(0x0000006d61c00000,0x0000006d61d00000)]
  0x0000018022fc7800 JavaThread "Service Thread" daemon [_thread_blocked, id=7876, stack(0x0000006d61d00000,0x0000006d61e00000)]
=>0x0000018022fca800 JavaThread "C2 CompilerThread0" daemon [_thread_in_native, id=6756, stack(0x0000006d61e00000,0x0000006d61f00000)]
  0x0000018022fcb800 JavaThread "C1 CompilerThread0" daemon [_thread_blocked, id=9128, stack(0x0000006d61f00000,0x0000006d62000000)]
  0x0000018022fda000 JavaThread "Sweeper thread" daemon [_thread_blocked, id=9196, stack(0x0000006d62000000,0x0000006d62100000)]
  0x0000018023a74000 JavaThread "Common-Cleaner" daemon [_thread_blocked, id=7972, stack(0x0000006d62100000,0x0000006d62200000)]
  0x000001802442f800 JavaThread "Daemon health stats" [_thread_blocked, id=6504, stack(0x0000006d62600000,0x0000006d62700000)]
  0x0000018025140000 JavaThread "Incoming local TCP Connector on port 54109" [_thread_in_native, id=2712, stack(0x0000006d62700000,0x0000006d62800000)]
  0x0000018024ccb800 JavaThread "Daemon periodic checks" [_thread_blocked, id=7604, stack(0x0000006d62800000,0x0000006d62900000)]
  0x000001802481a000 JavaThread "Daemon" [_thread_blocked, id=3408, stack(0x0000006d62900000,0x0000006d62a00000)]
  0x000001802481b000 JavaThread "Handler for socket connection from /127.0.0.1:54109 to /127.0.0.1:54110" [_thread_in_native, id=12896, stack(0x0000006d62a00000,0x0000006d62b00000)]
  0x0000018024581800 JavaThread "Cancel handler" [_thread_blocked, id=12256, stack(0x0000006d62b00000,0x0000006d62c00000)]
  0x0000018024582000 JavaThread "Daemon worker" [_thread_in_Java, id=2096, stack(0x0000006d62c00000,0x0000006d62d00000)]
  0x0000018025001000 JavaThread "Asynchronous log dispatcher for DefaultDaemonConnection: socket connection from /127.0.0.1:54109 to /127.0.0.1:54110" [_thread_blocked, id=11400, stack(0x0000006d62d00000,0x0000006d62e00000)]
  0x0000018024f6b800 JavaThread "Stdin handler" [_thread_blocked, id=12888, stack(0x0000006d62e00000,0x0000006d62f00000)]
  0x0000018024f6d800 JavaThread "Daemon client event forwarder" [_thread_blocked, id=1468, stack(0x0000006d62f00000,0x0000006d63000000)]
  0x0000018023c5d000 JavaThread "Cache worker for journal cache (C:\Users\wyre robotics\.gradle\caches\journal-1)" [_thread_blocked, id=10264, stack(0x0000006d63000000,0x0000006d63100000)]
  0x0000018023c5b800 JavaThread "File lock request listener" [_thread_in_native, id=1408, stack(0x0000006d63100000,0x0000006d63200000)]
  0x0000018023c5c800 JavaThread "Cache worker for file hash cache (C:\Users\wyre robotics\.gradle\caches\7.3.3\fileHashes)" [_thread_blocked, id=4200, stack(0x0000006d63200000,0x0000006d63300000)]
  0x0000018023c5a800 JavaThread "Cache worker for file hash cache (C:\Users\wyre robotics\Downloads\wyre-main\robot\.gradle\7.3.3\fileHashes)" [_thread_blocked, id=1948, stack(0x0000006d63300000,0x0000006d63400000)]
  0x0000018023c5e000 JavaThread "File watcher server" daemon [_thread_in_native, id=13108, stack(0x0000006d63400000,0x0000006d63500000)]
  0x0000018023c5e800 JavaThread "File watcher consumer" daemon [_thread_blocked, id=12628, stack(0x0000006d63500000,0x0000006d63600000)]
  0x0000018023c5f800 JavaThread "Cache worker for checksums cache (C:\Users\wyre robotics\Downloads\wyre-main\robot\.gradle\7.3.3\checksums)" [_thread_blocked, id=6460, stack(0x0000006d63600000,0x0000006d63700000)]
  0x0000018023c5a000 JavaThread "Cache worker for cache directory md-supplier (C:\Users\wyre robotics\.gradle\caches\7.3.3\md-supplier)" [_thread_blocked, id=8832, stack(0x0000006d63700000,0x0000006d63800000)]
  0x0000018023c60800 JavaThread "Cache worker for cache directory md-rule (C:\Users\wyre robotics\.gradle\caches\7.3.3\md-rule)" [_thread_blocked, id=8784, stack(0x0000006d63800000,0x0000006d63900000)]
  0x0000018027790800 JavaThread "Cache worker for execution history cache (C:\Users\wyre robotics\.gradle\caches\7.3.3\executionHistory)" [_thread_blocked, id=7344, stack(0x0000006d63900000,0x0000006d63a00000)]
  0x000001802778f800 JavaThread "jar transforms" [_thread_blocked, id=1692, stack(0x0000006d63a00000,0x0000006d63b00000)]
  0x0000018027796000 JavaThread "Cache worker for file content cache (C:\Users\wyre robotics\.gradle\caches\7.3.3\fileContent)" [_thread_blocked, id=6352, stack(0x0000006d63b00000,0x0000006d63c00000)]
  0x0000018027795800 JavaThread "jar transforms Thread 2" [_thread_blocked, id=632, stack(0x0000006d63c00000,0x0000006d63d00000)]
  0x0000018027798800 JavaThread "Cache worker for dependencies-accessors (C:\Users\wyre robotics\Downloads\wyre-main\robot\.gradle\7.3.3\dependencies-accessors)" [_thread_blocked, id=6588, stack(0x0000006d63d00000,0x0000006d63e00000)]
  0x0000018027797000 JavaThread "File lock release action executor" [_thread_blocked, id=8720, stack(0x0000006d63e00000,0x0000006d63f00000)]

Other Threads:
  0x0000018022f82800 VMThread "VM Thread" [stack: 0x0000006d61800000,0x0000006d61900000] [id=11392]
  0x0000018023ab2800 WatcherThread [stack: 0x0000006d62200000,0x0000006d62300000] [id=3060]
  0x000001800808a000 GCTaskThread "GC Thread#0" [stack: 0x0000006d61300000,0x0000006d61400000] [id=12336]
  0x00000180241a1800 GCTaskThread "GC Thread#1" [stack: 0x0000006d62300000,0x0000006d62400000] [id=9020]
  0x0000018024259000 GCTaskThread "GC Thread#2" [stack: 0x0000006d62400000,0x0000006d62500000] [id=13252]
  0x0000018024197800 GCTaskThread "GC Thread#3" [stack: 0x0000006d62500000,0x0000006d62600000] [id=7840]
  0x000001800809d000 ConcurrentGCThread "G1 Main Marker" [stack: 0x0000006d61400000,0x0000006d61500000] [id=12388]
  0x000001800809e000 ConcurrentGCThread "G1 Conc#0" [stack: 0x0000006d61500000,0x0000006d61600000] [id=10292]
  0x000001800814e000 ConcurrentGCThread "G1 Refine#0" [stack: 0x0000006d61600000,0x0000006d61700000] [id=9848]
  0x0000018022e1c800 ConcurrentGCThread "G1 Young RemSet Sampling" [stack: 0x0000006d61700000,0x0000006d61800000] [id=11808]

Threads with active compile tasks:
C2 CompilerThread0  35478 4665       4       groovyjarjarantlr4.v4.runtime.atn.PredictionContext::getCachedContext (297 bytes)

VM state:not at safepoint (normal execution)

VM Mutex/Monitor currently owned by a thread: None

Heap address: 0x00000000e0000000, size: 512 MB, Compressed Oops mode: 32-bit
Narrow klass base: 0x0000000000000000, Narrow klass shift: 3
Compressed class space size: 260046848 Address: 0x0000000100000000

Heap:
 garbage-first heap   total 262144K, used 102852K [0x00000000e0000000, 0x0000000100000000)
  region size 1024K, 85 young (87040K), 13 survivors (13312K)
 Metaspace       used 48932K, capacity 49954K, committed 50128K, reserved 299008K
  class space    used 6141K, capacity 6509K, committed 6528K, reserved 253952K
Heap Regions: E=young(eden), S=young(survivor), O=old, HS=humongous(starts), HC=humongous(continues), CS=collection set, F=free, A=archive, TAMS=top-at-mark-start (previous, next)
|   0|0x00000000e0000000, 0x00000000e0100000, 0x00000000e0100000|100%|HS|  |TAMS 0x00000000e0100000, 0x00000000e0000000| Complete 
|   1|0x00000000e0100000, 0x00000000e0200000, 0x00000000e0200000|100%|HC|  |TAMS 0x00000000e0200000, 0x00000000e0100000| Complete 
|   2|0x00000000e0200000, 0x00000000e0300000, 0x00000000e0300000|100%|HC|  |TAMS 0x00000000e0300000, 0x00000000e0200000| Complete 
|   3|0x00000000e0300000, 0x00000000e0400000, 0x00000000e0400000|100%| O|  |TAMS 0x00000000e0400000, 0x00000000e0300000| Untracked 
|   4|0x00000000e0400000, 0x00000000e0500000, 0x00000000e0500000|100%| O|  |TAMS 0x00000000e0500000, 0x00000000e0400000| Untracked 
|   5|0x00000000e0500000, 0x00000000e0600000, 0x00000000e0600000|100%| O|  |TAMS 0x00000000e0600000, 0x00000000e0500000| Untracked 
|   6|0x00000000e0600000, 0x00000000e0700000, 0x00000000e0700000|100%| O|  |TAMS 0x00000000e0700000, 0x00000000e0600000| Untracked 
|   7|0x00000000e0700000, 0x00000000e0800000, 0x00000000e0800000|100%| O|  |TAMS 0x00000000e0800000, 0x00000000e0700000| Untracked 
|   8|0x00000000e0800000, 0x00000000e0900000, 0x00000000e0900000|100%| O|  |TAMS 0x00000000e0900000, 0x00000000e0800000| Untracked 
|   9|0x00000000e0900000, 0x00000000e0a00000, 0x00000000e0a00000|100%| O|  |TAMS 0x00000000e0a00000, 0x00000000e0900000| Untracked 
|  10|0x00000000e0a00000, 0x00000000e0b00000, 0x00000000e0b00000|100%| O|  |TAMS 0x00000000e0b00000, 0x00000000e0a00000| Untracked 
|  11|0x00000000e0b00000, 0x00000000e0c00000, 0x00000000e0c00000|100%| O|  |TAMS 0x00000000e0c00000, 0x00000000e0b00000| Untracked 
|  12|0x00000000e0c00000, 0x00000000e0d00000, 0x00000000e0d00000|100%| O|  |TAMS 0x00000000e0d00000, 0x00000000e0c00000| Untracked 
|  13|0x00000000e0d00000, 0x00000000e0e00000, 0x00000000e0e00000|100%| O|  |TAMS 0x00000000e0d91000, 0x00000000e0d00000| Untracked 
|  14|0x00000000e0e00000, 0x00000000e0f00000, 0x00000000e0f00000|100%|HS|  |TAMS 0x00000000e0e00000, 0x00000000e0e00000| Complete 
|  15|0x00000000e0f00000, 0x00000000e0f00000, 0x00000000e1000000|  0%| F|  |TAMS 0x00000000e0f00000, 0x00000000e0f00000| Untracked 
|  16|0x00000000e1000000, 0x00000000e1000000, 0x00000000e1100000|  0%| F|  |TAMS 0x00000000e1000000, 0x00000000e1000000| Untracked 
|  17|0x00000000e1100000, 0x00000000e1200000, 0x00000000e1200000|100%| O|  |TAMS 0x00000000e1100000, 0x00000000e1100000| Untracked 
|  18|0x00000000e1200000, 0x00000000e1300000, 0x00000000e1300000|100%| O|  |TAMS 0x00000000e1200000, 0x00000000e1200000| Untracked 
|  19|0x00000000e1300000, 0x00000000e139b400, 0x00000000e1400000| 60%| O|  |TAMS 0x00000000e1300000, 0x00000000e1300000| Untracked 
|  20|0x00000000e1400000, 0x00000000e1400000, 0x00000000e1500000|  0%| F|  |TAMS 0x00000000e1400000, 0x00000000e1400000| Untracked 
|  21|0x00000000e1500000, 0x00000000e1500000, 0x00000000e1600000|  0%| F|  |TAMS 0x00000000e1500000, 0x00000000e1500000| Untracked 
|  22|0x00000000e1600000, 0x00000000e1600000, 0x00000000e1700000|  0%| F|  |TAMS 0x00000000e1600000, 0x00000000e1600000| Untracked 
|  23|0x00000000e1700000, 0x00000000e1700000, 0x00000000e1800000|  0%| F|  |TAMS 0x00000000e1700000, 0x00000000e1700000| Untracked 
|  24|0x00000000e1800000, 0x00000000e1800000, 0x00000000e1900000|  0%| F|  |TAMS 0x00000000e1800000, 0x00000000e1800000| Untracked 
|  25|0x00000000e1900000, 0x00000000e1900000, 0x00000000e1a00000|  0%| F|  |TAMS 0x00000000e1900000, 0x00000000e1900000| Untracked 
|  26|0x00000000e1a00000, 0x00000000e1a00000, 0x00000000e1b00000|  0%| F|  |TAMS 0x00000000e1a00000, 0x00000000e1a00000| Untracked 
|  27|0x00000000e1b00000, 0x00000000e1b00000, 0x00000000e1c00000|  0%| F|  |TAMS 0x00000000e1b00000, 0x00000000e1b00000| Untracked 
|  28|0x00000000e1c00000, 0x00000000e1c00000, 0x00000000e1d00000|  0%| F|  |TAMS 0x00000000e1c00000, 0x00000000e1c00000| Untracked 
|  29|0x00000000e1d00000, 0x00000000e1d00000, 0x00000000e1e00000|  0%| F|  |TAMS 0x00000000e1d00000, 0x00000000e1d00000| Untracked 
|  30|0x00000000e1e00000, 0x00000000e1e00000, 0x00000000e1f00000|  0%| F|  |TAMS 0x00000000e1e00000, 0x00000000e1e00000| Untracked 
|  31|0x00000000e1f00000, 0x00000000e1f00000, 0x00000000e2000000|  0%| F|  |TAMS 0x00000000e1f00000, 0x00000000e1f00000| Untracked 
|  32|0x00000000e2000000, 0x00000000e2000000, 0x00000000e2100000|  0%| F|  |TAMS 0x00000000e2000000, 0x00000000e2000000| Untracked 
|  33|0x00000000e2100000, 0x00000000e2100000, 0x00000000e2200000|  0%| F|  |TAMS 0x00000000e2100000, 0x00000000e2100000| Untracked 
|  34|0x00000000e2200000, 0x00000000e2200000, 0x00000000e2300000|  0%| F|  |TAMS 0x00000000e2200000, 0x00000000e2200000| Untracked 
|  35|0x00000000e2300000, 0x00000000e2300000, 0x00000000e2400000|  0%| F|  |TAMS 0x00000000e2300000, 0x00000000e2300000| Untracked 
|  36|0x00000000e2400000, 0x00000000e2400000, 0x00000000e2500000|  0%| F|  |TAMS 0x00000000e2400000, 0x00000000e2400000| Untracked 
|  37|0x00000000e2500000, 0x00000000e2500000, 0x00000000e2600000|  0%| F|  |TAMS 0x00000000e2500000, 0x00000000e2500000| Untracked 
|  38|0x00000000e2600000, 0x00000000e2600000, 0x00000000e2700000|  0%| F|  |TAMS 0x00000000e2600000, 0x00000000e2600000| Untracked 
|  39|0x00000000e2700000, 0x00000000e2700000, 0x00000000e2800000|  0%| F|  |TAMS 0x00000000e2700000, 0x00000000e2700000| Untracked 
|  40|0x00000000e2800000, 0x00000000e2800000, 0x00000000e2900000|  0%| F|  |TAMS 0x00000000e2800000, 0x00000000e2800000| Untracked 
|  41|0x00000000e2900000, 0x00000000e2900000, 0x00000000e2a00000|  0%| F|  |TAMS 0x00000000e2900000, 0x00000000e2900000| Untracked 
|  42|0x00000000e2a00000, 0x00000000e2a00000, 0x00000000e2b00000|  0%| F|  |TAMS 0x00000000e2a00000, 0x00000000e2a00000| Untracked 
|  43|0x00000000e2b00000, 0x00000000e2b00000, 0x00000000e2c00000|  0%| F|  |TAMS 0x00000000e2b00000, 0x00000000e2b00000| Untracked 
|  44|0x00000000e2c00000, 0x00000000e2c00000, 0x00000000e2d00000|  0%| F|  |TAMS 0x00000000e2c00000, 0x00000000e2c00000| Untracked 
|  45|0x00000000e2d00000, 0x00000000e2d00000, 0x00000000e2e00000|  0%| F|  |TAMS 0x00000000e2d00000, 0x00000000e2d00000| Untracked 
|  46|0x00000000e2e00000, 0x00000000e2e00000, 0x00000000e2f00000|  0%| F|  |TAMS 0x00000000e2e00000, 0x00000000e2e00000| Untracked 
|  47|0x00000000e2f00000, 0x00000000e2f00000, 0x00000000e3000000|  0%| F|  |TAMS 0x00000000e2f00000, 0x00000000e2f00000| Untracked 
|  48|0x00000000e3000000, 0x00000000e3000000, 0x00000000e3100000|  0%| F|  |TAMS 0x00000000e3000000, 0x00000000e3000000| Untracked 
|  49|0x00000000e3100000, 0x00000000e3100000, 0x00000000e3200000|  0%| F|  |TAMS 0x00000000e3100000, 0x00000000e3100000| Untracked 
|  50|0x00000000e3200000, 0x00000000e3200000, 0x00000000e3300000|  0%| F|  |TAMS 0x00000000e3200000, 0x00000000e3200000| Untracked 
|  51|0x00000000e3300000, 0x00000000e3300000, 0x00000000e3400000|  0%| F|  |TAMS 0x00000000e3300000, 0x00000000e3300000| Untracked 
|  52|0x00000000e3400000, 0x00000000e3400000, 0x00000000e3500000|  0%| F|  |TAMS 0x00000000e3400000, 0x00000000e3400000| Untracked 
|  53|0x00000000e3500000, 0x00000000e3500000, 0x00000000e3600000|  0%| F|  |TAMS 0x00000000e3500000, 0x00000000e3500000| Untracked 
|  54|0x00000000e3600000, 0x00000000e3600000, 0x00000000e3700000|  0%| F|  |TAMS 0x00000000e3600000, 0x00000000e3600000| Untracked 
|  55|0x00000000e3700000, 0x00000000e3700000, 0x00000000e3800000|  0%| F|  |TAMS 0x00000000e3700000, 0x00000000e3700000| Untracked 
|  56|0x00000000e3800000, 0x00000000e3800000, 0x00000000e3900000|  0%| F|  |TAMS 0x00000000e3800000, 0x00000000e3800000| Untracked 
|  57|0x00000000e3900000, 0x00000000e3900000, 0x00000000e3a00000|  0%| F|  |TAMS 0x00000000e3900000, 0x00000000e3900000| Untracked 
|  58|0x00000000e3a00000, 0x00000000e3a00000, 0x00000000e3b00000|  0%| F|  |TAMS 0x00000000e3a00000, 0x00000000e3a00000| Untracked 
|  59|0x00000000e3b00000, 0x00000000e3b00000, 0x00000000e3c00000|  0%| F|  |TAMS 0x00000000e3b00000, 0x00000000e3b00000| Untracked 
|  60|0x00000000e3c00000, 0x00000000e3c00000, 0x00000000e3d00000|  0%| F|  |TAMS 0x00000000e3c00000, 0x00000000e3c00000| Untracked 
|  61|0x00000000e3d00000, 0x00000000e3d00000, 0x00000000e3e00000|  0%| F|  |TAMS 0x00000000e3d00000, 0x00000000e3d00000| Untracked 
|  62|0x00000000e3e00000, 0x00000000e3e00000, 0x00000000e3f00000|  0%| F|  |TAMS 0x00000000e3e00000, 0x00000000e3e00000| Untracked 
|  63|0x00000000e3f00000, 0x00000000e3f00000, 0x00000000e4000000|  0%| F|  |TAMS 0x00000000e3f00000, 0x00000000e3f00000| Untracked 
|  64|0x00000000e4000000, 0x00000000e4000000, 0x00000000e4100000|  0%| F|  |TAMS 0x00000000e4000000, 0x00000000e4000000| Untracked 
|  65|0x00000000e4100000, 0x00000000e4100000, 0x00000000e4200000|  0%| F|  |TAMS 0x00000000e4100000, 0x00000000e4100000| Untracked 
|  66|0x00000000e4200000, 0x00000000e4200000, 0x00000000e4300000|  0%| F|  |TAMS 0x00000000e4200000, 0x00000000e4200000| Untracked 
|  67|0x00000000e4300000, 0x00000000e4300000, 0x00000000e4400000|  0%| F|  |TAMS 0x00000000e4300000, 0x00000000e4300000| Untracked 
|  68|0x00000000e4400000, 0x00000000e4400000, 0x00000000e4500000|  0%| F|  |TAMS 0x00000000e4400000, 0x00000000e4400000| Untracked 
|  69|0x00000000e4500000, 0x00000000e4500000, 0x00000000e4600000|  0%| F|  |TAMS 0x00000000e4500000, 0x00000000e4500000| Untracked 
|  70|0x00000000e4600000, 0x00000000e4600000, 0x00000000e4700000|  0%| F|  |TAMS 0x00000000e4600000, 0x00000000e4600000| Untracked 
|  71|0x00000000e4700000, 0x00000000e4700000, 0x00000000e4800000|  0%| F|  |TAMS 0x00000000e4700000, 0x00000000e4700000| Untracked 
|  72|0x00000000e4800000, 0x00000000e4800000, 0x00000000e4900000|  0%| F|  |TAMS 0x00000000e4800000, 0x00000000e4800000| Untracked 
|  73|0x00000000e4900000, 0x00000000e4900000, 0x00000000e4a00000|  0%| F|  |TAMS 0x00000000e4900000, 0x00000000e4900000| Untracked 
|  74|0x00000000e4a00000, 0x00000000e4a00000, 0x00000000e4b00000|  0%| F|  |TAMS 0x00000000e4a00000, 0x00000000e4a00000| Untracked 
|  75|0x00000000e4b00000, 0x00000000e4b00000, 0x00000000e4c00000|  0%| F|  |TAMS 0x00000000e4b00000, 0x00000000e4b00000| Untracked 
|  76|0x00000000e4c00000, 0x00000000e4c00000, 0x00000000e4d00000|  0%| F|  |TAMS 0x00000000e4c00000, 0x00000000e4c00000| Untracked 
|  77|0x00000000e4d00000, 0x00000000e4d00000, 0x00000000e4e00000|  0%| F|  |TAMS 0x00000000e4d00000, 0x00000000e4d00000| Untracked 
|  78|0x00000000e4e00000, 0x00000000e4e00000, 0x00000000e4f00000|  0%| F|  |TAMS 0x00000000e4e00000, 0x00000000e4e00000| Untracked 
|  79|0x00000000e4f00000, 0x00000000e4f00000, 0x00000000e5000000|  0%| F|  |TAMS 0x00000000e4f00000, 0x00000000e4f00000| Untracked 
|  80|0x00000000e5000000, 0x00000000e5000000, 0x00000000e5100000|  0%| F|  |TAMS 0x00000000e5000000, 0x00000000e5000000| Untracked 
|  81|0x00000000e5100000, 0x00000000e5100000, 0x00000000e5200000|  0%| F|  |TAMS 0x00000000e5100000, 0x00000000e5100000| Untracked 
|  82|0x00000000e5200000, 0x00000000e5200000, 0x00000000e5300000|  0%| F|  |TAMS 0x00000000e5200000, 0x00000000e5200000| Untracked 
|  83|0x00000000e5300000, 0x00000000e5300000, 0x00000000e5400000|  0%| F|  |TAMS 0x00000000e5300000, 0x00000000e5300000| Untracked 
|  84|0x00000000e5400000, 0x00000000e5400000, 0x00000000e5500000|  0%| F|  |TAMS 0x00000000e5400000, 0x00000000e5400000| Untracked 
|  85|0x00000000e5500000, 0x00000000e5500000, 0x00000000e5600000|  0%| F|  |TAMS 0x00000000e5500000, 0x00000000e5500000| Untracked 
|  86|0x00000000e5600000, 0x00000000e5600000, 0x00000000e5700000|  0%| F|  |TAMS 0x00000000e5600000, 0x00000000e5600000| Untracked 
|  87|0x00000000e5700000, 0x00000000e5700000, 0x00000000e5800000|  0%| F|  |TAMS 0x00000000e5700000, 0x00000000e5700000| Untracked 
|  88|0x00000000e5800000, 0x00000000e5800000, 0x00000000e5900000|  0%| F|  |TAMS 0x00000000e5800000, 0x00000000e5800000| Untracked 
|  89|0x00000000e5900000, 0x00000000e5900000, 0x00000000e5a00000|  0%| F|  |TAMS 0x00000000e5900000, 0x00000000e5900000| Untracked 
|  90|0x00000000e5a00000, 0x00000000e5a00000, 0x00000000e5b00000|  0%| F|  |TAMS 0x00000000e5a00000, 0x00000000e5a00000| Untracked 
|  91|0x00000000e5b00000, 0x00000000e5b00000, 0x00000000e5c00000|  0%| F|  |TAMS 0x00000000e5b00000, 0x00000000e5b00000| Untracked 
|  92|0x00000000e5c00000, 0x00000000e5c00000, 0x00000000e5d00000|  0%| F|  |TAMS 0x00000000e5c00000, 0x00000000e5c00000| Untracked 
|  93|0x00000000e5d00000, 0x00000000e5d00000, 0x00000000e5e00000|  0%| F|  |TAMS 0x00000000e5d00000, 0x00000000e5d00000| Untracked 
|  94|0x00000000e5e00000, 0x00000000e5e00000, 0x00000000e5f00000|  0%| F|  |TAMS 0x00000000e5e00000, 0x00000000e5e00000| Untracked 
|  95|0x00000000e5f00000, 0x00000000e5f00000, 0x00000000e6000000|  0%| F|  |TAMS 0x00000000e5f00000, 0x00000000e5f00000| Untracked 
|  96|0x00000000e6000000, 0x00000000e6000000, 0x00000000e6100000|  0%| F|  |TAMS 0x00000000e6000000, 0x00000000e6000000| Untracked 
|  97|0x00000000e6100000, 0x00000000e6100000, 0x00000000e6200000|  0%| F|  |TAMS 0x00000000e6100000, 0x00000000e6100000| Untracked 
|  98|0x00000000e6200000, 0x00000000e6200000, 0x00000000e6300000|  0%| F|  |TAMS 0x00000000e6200000, 0x00000000e6200000| Untracked 
|  99|0x00000000e6300000, 0x00000000e6300000, 0x00000000e6400000|  0%| F|  |TAMS 0x00000000e6300000, 0x00000000e6300000| Untracked 
| 100|0x00000000e6400000, 0x00000000e6400000, 0x00000000e6500000|  0%| F|  |TAMS 0x00000000e6400000, 0x00000000e6400000| Untracked 
| 101|0x00000000e6500000, 0x00000000e6500000, 0x00000000e6600000|  0%| F|  |TAMS 0x00000000e6500000, 0x00000000e6500000| Untracked 
| 102|0x00000000e6600000, 0x00000000e6600000, 0x00000000e6700000|  0%| F|  |TAMS 0x00000000e6600000, 0x00000000e6600000| Untracked 
| 103|0x00000000e6700000, 0x00000000e6700000, 0x00000000e6800000|  0%| F|  |TAMS 0x00000000e6700000, 0x00000000e6700000| Untracked 
| 104|0x00000000e6800000, 0x00000000e6800000, 0x00000000e6900000|  0%| F|  |TAMS 0x00000000e6800000, 0x00000000e6800000| Untracked 
| 105|0x00000000e6900000, 0x00000000e6900000, 0x00000000e6a00000|  0%| F|  |TAMS 0x00000000e6900000, 0x00000000e6900000| Untracked 
| 106|0x00000000e6a00000, 0x00000000e6a00000, 0x00000000e6b00000|  0%| F|  |TAMS 0x00000000e6a00000, 0x00000000e6a00000| Untracked 
| 107|0x00000000e6b00000, 0x00000000e6b00000, 0x00000000e6c00000|  0%| F|  |TAMS 0x00000000e6b00000, 0x00000000e6b00000| Untracked 
| 108|0x00000000e6c00000, 0x00000000e6c00000, 0x00000000e6d00000|  0%| F|  |TAMS 0x00000000e6c00000, 0x00000000e6c00000| Untracked 
| 109|0x00000000e6d00000, 0x00000000e6d00000, 0x00000000e6e00000|  0%| F|  |TAMS 0x00000000e6d00000, 0x00000000e6d00000| Untracked 
| 110|0x00000000e6e00000, 0x00000000e6e00000, 0x00000000e6f00000|  0%| F|  |TAMS 0x00000000e6e00000, 0x00000000e6e00000| Untracked 
| 111|0x00000000e6f00000, 0x00000000e6f00000, 0x00000000e7000000|  0%| F|  |TAMS 0x00000000e6f00000, 0x00000000e6f00000| Untracked 
| 112|0x00000000e7000000, 0x00000000e7000000, 0x00000000e7100000|  0%| F|  |TAMS 0x00000000e7000000, 0x00000000e7000000| Untracked 
| 113|0x00000000e7100000, 0x00000000e7100000, 0x00000000e7200000|  0%| F|  |TAMS 0x00000000e7100000, 0x00000000e7100000| Untracked 
| 114|0x00000000e7200000, 0x00000000e7200000, 0x00000000e7300000|  0%| F|  |TAMS 0x00000000e7200000, 0x00000000e7200000| Untracked 
| 115|0x00000000e7300000, 0x00000000e7300000, 0x00000000e7400000|  0%| F|  |TAMS 0x00000000e7300000, 0x00000000e7300000| Untracked 
| 116|0x00000000e7400000, 0x00000000e7400000, 0x00000000e7500000|  0%| F|  |TAMS 0x00000000e7400000, 0x00000000e7400000| Untracked 
| 117|0x00000000e7500000, 0x00000000e7500000, 0x00000000e7600000|  0%| F|  |TAMS 0x00000000e7500000, 0x00000000e7500000| Untracked 
| 118|0x00000000e7600000, 0x00000000e76d5c78, 0x00000000e7700000| 83%| S|CS|TAMS 0x00000000e7600000, 0x00000000e7600000| Complete 
| 119|0x00000000e7700000, 0x00000000e7800000, 0x00000000e7800000|100%| S|CS|TAMS 0x00000000e7700000, 0x00000000e7700000| Complete 
| 120|0x00000000e7800000, 0x00000000e7900000, 0x00000000e7900000|100%| S|CS|TAMS 0x00000000e7800000, 0x00000000e7800000| Complete 
| 121|0x00000000e7900000, 0x00000000e7a00000, 0x00000000e7a00000|100%| S|CS|TAMS 0x00000000e7900000, 0x00000000e7900000| Complete 
| 122|0x00000000e7a00000, 0x00000000e7b00000, 0x00000000e7b00000|100%| S|CS|TAMS 0x00000000e7a00000, 0x00000000e7a00000| Complete 
| 123|0x00000000e7b00000, 0x00000000e7c00000, 0x00000000e7c00000|100%| S|CS|TAMS 0x00000000e7b00000, 0x00000000e7b00000| Complete 
| 124|0x00000000e7c00000, 0x00000000e7d00000, 0x00000000e7d00000|100%| S|CS|TAMS 0x00000000e7c00000, 0x00000000e7c00000| Complete 
| 125|0x00000000e7d00000, 0x00000000e7e00000, 0x00000000e7e00000|100%| S|CS|TAMS 0x00000000e7d00000, 0x00000000e7d00000| Complete 
| 126|0x00000000e7e00000, 0x00000000e7f00000, 0x00000000e7f00000|100%| S|CS|TAMS 0x00000000e7e00000, 0x00000000e7e00000| Complete 
| 127|0x00000000e7f00000, 0x00000000e8000000, 0x00000000e8000000|100%| S|CS|TAMS 0x00000000e7f00000, 0x00000000e7f00000| Complete 
| 128|0x00000000e8000000, 0x00000000e8100000, 0x00000000e8100000|100%| S|CS|TAMS 0x00000000e8000000, 0x00000000e8000000| Complete 
| 129|0x00000000e8100000, 0x00000000e8200000, 0x00000000e8200000|100%| S|CS|TAMS 0x00000000e8100000, 0x00000000e8100000| Complete 
| 130|0x00000000e8200000, 0x00000000e8300000, 0x00000000e8300000|100%| S|CS|TAMS 0x00000000e8200000, 0x00000000e8200000| Complete 
| 131|0x00000000e8300000, 0x00000000e8300000, 0x00000000e8400000|  0%| F|  |TAMS 0x00000000e8300000, 0x00000000e8300000| Untracked 
| 132|0x00000000e8400000, 0x00000000e8400000, 0x00000000e8500000|  0%| F|  |TAMS 0x00000000e8400000, 0x00000000e8400000| Untracked 
| 133|0x00000000e8500000, 0x00000000e8500000, 0x00000000e8600000|  0%| F|  |TAMS 0x00000000e8500000, 0x00000000e8500000| Untracked 
| 134|0x00000000e8600000, 0x00000000e8600000, 0x00000000e8700000|  0%| F|  |TAMS 0x00000000e8600000, 0x00000000e8600000| Untracked 
| 135|0x00000000e8700000, 0x00000000e8700000, 0x00000000e8800000|  0%| F|  |TAMS 0x00000000e8700000, 0x00000000e8700000| Untracked 
| 136|0x00000000e8800000, 0x00000000e8800000, 0x00000000e8900000|  0%| F|  |TAMS 0x00000000e8800000, 0x00000000e8800000| Untracked 
| 137|0x00000000e8900000, 0x00000000e8900000, 0x00000000e8a00000|  0%| F|  |TAMS 0x00000000e8900000, 0x00000000e8900000| Untracked 
| 138|0x00000000e8a00000, 0x00000000e8a00000, 0x00000000e8b00000|  0%| F|  |TAMS 0x00000000e8a00000, 0x00000000e8a00000| Untracked 
| 139|0x00000000e8b00000, 0x00000000e8b00000, 0x00000000e8c00000|  0%| F|  |TAMS 0x00000000e8b00000, 0x00000000e8b00000| Untracked 
| 140|0x00000000e8c00000, 0x00000000e8c00000, 0x00000000e8d00000|  0%| F|  |TAMS 0x00000000e8c00000, 0x00000000e8c00000| Untracked 
| 141|0x00000000e8d00000, 0x00000000e8d00000, 0x00000000e8e00000|  0%| F|  |TAMS 0x00000000e8d00000, 0x00000000e8d00000| Untracked 
| 142|0x00000000e8e00000, 0x00000000e8e00000, 0x00000000e8f00000|  0%| F|  |TAMS 0x00000000e8e00000, 0x00000000e8e00000| Untracked 
| 143|0x00000000e8f00000, 0x00000000e8f00000, 0x00000000e9000000|  0%| F|  |TAMS 0x00000000e8f00000, 0x00000000e8f00000| Untracked 
| 144|0x00000000e9000000, 0x00000000e9000000, 0x00000000e9100000|  0%| F|  |TAMS 0x00000000e9000000, 0x00000000e9000000| Untracked 
| 145|0x00000000e9100000, 0x00000000e9100000, 0x00000000e9200000|  0%| F|  |TAMS 0x00000000e9100000, 0x00000000e9100000| Untracked 
| 146|0x00000000e9200000, 0x00000000e9200000, 0x00000000e9300000|  0%| F|  |TAMS 0x00000000e9200000, 0x00000000e9200000| Untracked 
| 147|0x00000000e9300000, 0x00000000e9300000, 0x00000000e9400000|  0%| F|  |TAMS 0x00000000e9300000, 0x00000000e9300000| Untracked 
| 148|0x00000000e9400000, 0x00000000e9400000, 0x00000000e9500000|  0%| F|  |TAMS 0x00000000e9400000, 0x00000000e9400000| Untracked 
| 149|0x00000000e9500000, 0x00000000e9500000, 0x00000000e9600000|  0%| F|  |TAMS 0x00000000e9500000, 0x00000000e9500000| Untracked 
| 150|0x00000000e9600000, 0x00000000e9600000, 0x00000000e9700000|  0%| F|  |TAMS 0x00000000e9600000, 0x00000000e9600000| Untracked 
| 151|0x00000000e9700000, 0x00000000e9700000, 0x00000000e9800000|  0%| F|  |TAMS 0x00000000e9700000, 0x00000000e9700000| Untracked 
| 152|0x00000000e9800000, 0x00000000e9800000, 0x00000000e9900000|  0%| F|  |TAMS 0x00000000e9800000, 0x00000000e9800000| Untracked 
| 153|0x00000000e9900000, 0x00000000e9900000, 0x00000000e9a00000|  0%| F|  |TAMS 0x00000000e9900000, 0x00000000e9900000| Untracked 
| 154|0x00000000e9a00000, 0x00000000e9a00000, 0x00000000e9b00000|  0%| F|  |TAMS 0x00000000e9a00000, 0x00000000e9a00000| Untracked 
| 155|0x00000000e9b00000, 0x00000000e9b00000, 0x00000000e9c00000|  0%| F|  |TAMS 0x00000000e9b00000, 0x00000000e9b00000| Untracked 
| 156|0x00000000e9c00000, 0x00000000e9c00000, 0x00000000e9d00000|  0%| F|  |TAMS 0x00000000e9c00000, 0x00000000e9c00000| Untracked 
| 157|0x00000000e9d00000, 0x00000000e9d00000, 0x00000000e9e00000|  0%| F|  |TAMS 0x00000000e9d00000, 0x00000000e9d00000| Untracked 
| 158|0x00000000e9e00000, 0x00000000e9e00000, 0x00000000e9f00000|  0%| F|  |TAMS 0x00000000e9e00000, 0x00000000e9e00000| Untracked 
| 159|0x00000000e9f00000, 0x00000000e9f00000, 0x00000000ea000000|  0%| F|  |TAMS 0x00000000e9f00000, 0x00000000e9f00000| Untracked 
| 160|0x00000000ea000000, 0x00000000ea000000, 0x00000000ea100000|  0%| F|  |TAMS 0x00000000ea000000, 0x00000000ea000000| Untracked 
| 161|0x00000000ea100000, 0x00000000ea100000, 0x00000000ea200000|  0%| F|  |TAMS 0x00000000ea100000, 0x00000000ea100000| Untracked 
| 162|0x00000000ea200000, 0x00000000ea200000, 0x00000000ea300000|  0%| F|  |TAMS 0x00000000ea200000, 0x00000000ea200000| Untracked 
| 163|0x00000000ea300000, 0x00000000ea300000, 0x00000000ea400000|  0%| F|  |TAMS 0x00000000ea300000, 0x00000000ea300000| Untracked 
| 164|0x00000000ea400000, 0x00000000ea400000, 0x00000000ea500000|  0%| F|  |TAMS 0x00000000ea400000, 0x00000000ea400000| Untracked 
| 165|0x00000000ea500000, 0x00000000ea500000, 0x00000000ea600000|  0%| F|  |TAMS 0x00000000ea500000, 0x00000000ea500000| Untracked 
| 166|0x00000000ea600000, 0x00000000ea600000, 0x00000000ea700000|  0%| F|  |TAMS 0x00000000ea600000, 0x00000000ea600000| Untracked 
| 167|0x00000000ea700000, 0x00000000ea700000, 0x00000000ea800000|  0%| F|  |TAMS 0x00000000ea700000, 0x00000000ea700000| Untracked 
| 168|0x00000000ea800000, 0x00000000ea800000, 0x00000000ea900000|  0%| F|  |TAMS 0x00000000ea800000, 0x00000000ea800000| Untracked 
| 169|0x00000000ea900000, 0x00000000ea900000, 0x00000000eaa00000|  0%| F|  |TAMS 0x00000000ea900000, 0x00000000ea900000| Untracked 
| 170|0x00000000eaa00000, 0x00000000eaa00000, 0x00000000eab00000|  0%| F|  |TAMS 0x00000000eaa00000, 0x00000000eaa00000| Untracked 
| 171|0x00000000eab00000, 0x00000000eab00000, 0x00000000eac00000|  0%| F|  |TAMS 0x00000000eab00000, 0x00000000eab00000| Untracked 
| 172|0x00000000eac00000, 0x00000000eac00000, 0x00000000ead00000|  0%| F|  |TAMS 0x00000000eac00000, 0x00000000eac00000| Untracked 
| 173|0x00000000ead00000, 0x00000000ead00000, 0x00000000eae00000|  0%| F|  |TAMS 0x00000000ead00000, 0x00000000ead00000| Untracked 
| 174|0x00000000eae00000, 0x00000000eae00000, 0x00000000eaf00000|  0%| F|  |TAMS 0x00000000eae00000, 0x00000000eae00000| Untracked 
| 175|0x00000000eaf00000, 0x00000000eaf00000, 0x00000000eb000000|  0%| F|  |TAMS 0x00000000eaf00000, 0x00000000eaf00000| Untracked 
| 176|0x00000000eb000000, 0x00000000eb000000, 0x00000000eb100000|  0%| F|  |TAMS 0x00000000eb000000, 0x00000000eb000000| Untracked 
| 177|0x00000000eb100000, 0x00000000eb100000, 0x00000000eb200000|  0%| F|  |TAMS 0x00000000eb100000, 0x00000000eb100000| Untracked 
| 178|0x00000000eb200000, 0x00000000eb200000, 0x00000000eb300000|  0%| F|  |TAMS 0x00000000eb200000, 0x00000000eb200000| Untracked 
| 179|0x00000000eb300000, 0x00000000eb300000, 0x00000000eb400000|  0%| F|  |TAMS 0x00000000eb300000, 0x00000000eb300000| Untracked 
| 180|0x00000000eb400000, 0x00000000eb400000, 0x00000000eb500000|  0%| F|  |TAMS 0x00000000eb400000, 0x00000000eb400000| Untracked 
| 181|0x00000000eb500000, 0x00000000eb500000, 0x00000000eb600000|  0%| F|  |TAMS 0x00000000eb500000, 0x00000000eb500000| Untracked 
| 182|0x00000000eb600000, 0x00000000eb600000, 0x00000000eb700000|  0%| F|  |TAMS 0x00000000eb600000, 0x00000000eb600000| Untracked 
| 183|0x00000000eb700000, 0x00000000eb780800, 0x00000000eb800000|100%| E|  |TAMS 0x00000000eb700000, 0x00000000eb700000| Complete 
| 184|0x00000000eb800000, 0x00000000eb900000, 0x00000000eb900000|100%| E|CS|TAMS 0x00000000eb800000, 0x00000000eb800000| Complete 
| 185|0x00000000eb900000, 0x00000000eba00000, 0x00000000eba00000|100%| E|CS|TAMS 0x00000000eb900000, 0x00000000eb900000| Complete 
| 186|0x00000000eba00000, 0x00000000ebb00000, 0x00000000ebb00000|100%| E|CS|TAMS 0x00000000eba00000, 0x00000000eba00000| Complete 
| 187|0x00000000ebb00000, 0x00000000ebc00000, 0x00000000ebc00000|100%| E|CS|TAMS 0x00000000ebb00000, 0x00000000ebb00000| Complete 
| 188|0x00000000ebc00000, 0x00000000ebd00000, 0x00000000ebd00000|100%| E|CS|TAMS 0x00000000ebc00000, 0x00000000ebc00000| Complete 
| 189|0x00000000ebd00000, 0x00000000ebe00000, 0x00000000ebe00000|100%| E|CS|TAMS 0x00000000ebd00000, 0x00000000ebd00000| Complete 
| 190|0x00000000ebe00000, 0x00000000ebf00000, 0x00000000ebf00000|100%| E|CS|TAMS 0x00000000ebe00000, 0x00000000ebe00000| Complete 
| 191|0x00000000ebf00000, 0x00000000ec000000, 0x00000000ec000000|100%| E|CS|TAMS 0x00000000ebf00000, 0x00000000ebf00000| Complete 
| 192|0x00000000ec000000, 0x00000000ec100000, 0x00000000ec100000|100%| E|CS|TAMS 0x00000000ec000000, 0x00000000ec000000| Complete 
| 193|0x00000000ec100000, 0x00000000ec200000, 0x00000000ec200000|100%| E|CS|TAMS 0x00000000ec100000, 0x00000000ec100000| Complete 
| 194|0x00000000ec200000, 0x00000000ec300000, 0x00000000ec300000|100%| E|CS|TAMS 0x00000000ec200000, 0x00000000ec200000| Complete 
| 195|0x00000000ec300000, 0x00000000ec400000, 0x00000000ec400000|100%| E|CS|TAMS 0x00000000ec300000, 0x00000000ec300000| Complete 
| 196|0x00000000ec400000, 0x00000000ec500000, 0x00000000ec500000|100%| E|CS|TAMS 0x00000000ec400000, 0x00000000ec400000| Complete 
| 197|0x00000000ec500000, 0x00000000ec600000, 0x00000000ec600000|100%| E|CS|TAMS 0x00000000ec500000, 0x00000000ec500000| Complete 
| 198|0x00000000ec600000, 0x00000000ec700000, 0x00000000ec700000|100%| E|CS|TAMS 0x00000000ec600000, 0x00000000ec600000| Complete 
| 199|0x00000000ec700000, 0x00000000ec800000, 0x00000000ec800000|100%| E|CS|TAMS 0x00000000ec700000, 0x00000000ec700000| Complete 
| 200|0x00000000ec800000, 0x00000000ec900000, 0x00000000ec900000|100%| E|CS|TAMS 0x00000000ec800000, 0x00000000ec800000| Complete 
| 201|0x00000000ec900000, 0x00000000eca00000, 0x00000000eca00000|100%| E|CS|TAMS 0x00000000ec900000, 0x00000000ec900000| Complete 
| 202|0x00000000eca00000, 0x00000000ecb00000, 0x00000000ecb00000|100%| E|CS|TAMS 0x00000000eca00000, 0x00000000eca00000| Complete 
| 203|0x00000000ecb00000, 0x00000000ecc00000, 0x00000000ecc00000|100%| E|  |TAMS 0x00000000ecb00000, 0x00000000ecb00000| Complete 
| 204|0x00000000ecc00000, 0x00000000ecd00000, 0x00000000ecd00000|100%| E|CS|TAMS 0x00000000ecc00000, 0x00000000ecc00000| Complete 
| 205|0x00000000ecd00000, 0x00000000ece00000, 0x00000000ece00000|100%| E|CS|TAMS 0x00000000ecd00000, 0x00000000ecd00000| Complete 
| 206|0x00000000ece00000, 0x00000000ecf00000, 0x00000000ecf00000|100%| E|CS|TAMS 0x00000000ece00000, 0x00000000ece00000| Complete 
| 207|0x00000000ecf00000, 0x00000000ed000000, 0x00000000ed000000|100%| E|CS|TAMS 0x00000000ecf00000, 0x00000000ecf00000| Complete 
| 208|0x00000000ed000000, 0x00000000ed100000, 0x00000000ed100000|100%| E|CS|TAMS 0x00000000ed000000, 0x00000000ed000000| Complete 
| 209|0x00000000ed100000, 0x00000000ed200000, 0x00000000ed200000|100%| E|CS|TAMS 0x00000000ed100000, 0x00000000ed100000| Complete 
| 210|0x00000000ed200000, 0x00000000ed300000, 0x00000000ed300000|100%| E|CS|TAMS 0x00000000ed200000, 0x00000000ed200000| Complete 
| 211|0x00000000ed300000, 0x00000000ed400000, 0x00000000ed400000|100%| E|CS|TAMS 0x00000000ed300000, 0x00000000ed300000| Complete 
| 212|0x00000000ed400000, 0x00000000ed500000, 0x00000000ed500000|100%| E|CS|TAMS 0x00000000ed400000, 0x00000000ed400000| Complete 
| 213|0x00000000ed500000, 0x00000000ed600000, 0x00000000ed600000|100%| E|CS|TAMS 0x00000000ed500000, 0x00000000ed500000| Complete 
| 214|0x00000000ed600000, 0x00000000ed700000, 0x00000000ed700000|100%| E|CS|TAMS 0x00000000ed600000, 0x00000000ed600000| Complete 
| 215|0x00000000ed700000, 0x00000000ed800000, 0x00000000ed800000|100%| E|CS|TAMS 0x00000000ed700000, 0x00000000ed700000| Complete 
| 216|0x00000000ed800000, 0x00000000ed900000, 0x00000000ed900000|100%| E|CS|TAMS 0x00000000ed800000, 0x00000000ed800000| Complete 
| 217|0x00000000ed900000, 0x00000000eda00000, 0x00000000eda00000|100%| E|CS|TAMS 0x00000000ed900000, 0x00000000ed900000| Complete 
| 218|0x00000000eda00000, 0x00000000edb00000, 0x00000000edb00000|100%| E|CS|TAMS 0x00000000eda00000, 0x00000000eda00000| Complete 
| 219|0x00000000edb00000, 0x00000000edc00000, 0x00000000edc00000|100%| E|CS|TAMS 0x00000000edb00000, 0x00000000edb00000| Complete 
| 220|0x00000000edc00000, 0x00000000edd00000, 0x00000000edd00000|100%| E|CS|TAMS 0x00000000edc00000, 0x00000000edc00000| Complete 
| 221|0x00000000edd00000, 0x00000000ede00000, 0x00000000ede00000|100%| E|CS|TAMS 0x00000000edd00000, 0x00000000edd00000| Complete 
| 222|0x00000000ede00000, 0x00000000edf00000, 0x00000000edf00000|100%| E|CS|TAMS 0x00000000ede00000, 0x00000000ede00000| Complete 
| 223|0x00000000edf00000, 0x00000000ee000000, 0x00000000ee000000|100%| E|CS|TAMS 0x00000000edf00000, 0x00000000edf00000| Complete 
| 224|0x00000000ee000000, 0x00000000ee100000, 0x00000000ee100000|100%| E|CS|TAMS 0x00000000ee000000, 0x00000000ee000000| Complete 
| 225|0x00000000ee100000, 0x00000000ee200000, 0x00000000ee200000|100%| E|CS|TAMS 0x00000000ee100000, 0x00000000ee100000| Complete 
| 226|0x00000000ee200000, 0x00000000ee300000, 0x00000000ee300000|100%| E|CS|TAMS 0x00000000ee200000, 0x00000000ee200000| Complete 
| 227|0x00000000ee300000, 0x00000000ee400000, 0x00000000ee400000|100%| E|CS|TAMS 0x00000000ee300000, 0x00000000ee300000| Complete 
| 228|0x00000000ee400000, 0x00000000ee500000, 0x00000000ee500000|100%| E|CS|TAMS 0x00000000ee400000, 0x00000000ee400000| Complete 
| 229|0x00000000ee500000, 0x00000000ee600000, 0x00000000ee600000|100%| E|CS|TAMS 0x00000000ee500000, 0x00000000ee500000| Complete 
| 230|0x00000000ee600000, 0x00000000ee700000, 0x00000000ee700000|100%| E|CS|TAMS 0x00000000ee600000, 0x00000000ee600000| Complete 
| 231|0x00000000ee700000, 0x00000000ee800000, 0x00000000ee800000|100%| E|CS|TAMS 0x00000000ee700000, 0x00000000ee700000| Complete 
| 232|0x00000000ee800000, 0x00000000ee900000, 0x00000000ee900000|100%| E|CS|TAMS 0x00000000ee800000, 0x00000000ee800000| Complete 
| 233|0x00000000ee900000, 0x00000000eea00000, 0x00000000eea00000|100%| E|CS|TAMS 0x00000000ee900000, 0x00000000ee900000| Complete 
| 234|0x00000000eea00000, 0x00000000eeb00000, 0x00000000eeb00000|100%| E|CS|TAMS 0x00000000eea00000, 0x00000000eea00000| Complete 
| 235|0x00000000eeb00000, 0x00000000eec00000, 0x00000000eec00000|100%| E|CS|TAMS 0x00000000eeb00000, 0x00000000eeb00000| Complete 
| 236|0x00000000eec00000, 0x00000000eed00000, 0x00000000eed00000|100%| E|CS|TAMS 0x00000000eec00000, 0x00000000eec00000| Complete 
| 237|0x00000000eed00000, 0x00000000eee00000, 0x00000000eee00000|100%| E|CS|TAMS 0x00000000eed00000, 0x00000000eed00000| Complete 
| 238|0x00000000eee00000, 0x00000000eef00000, 0x00000000eef00000|100%| E|CS|TAMS 0x00000000eee00000, 0x00000000eee00000| Complete 
| 239|0x00000000eef00000, 0x00000000ef000000, 0x00000000ef000000|100%| E|CS|TAMS 0x00000000eef00000, 0x00000000eef00000| Complete 
| 240|0x00000000ef000000, 0x00000000ef100000, 0x00000000ef100000|100%| E|CS|TAMS 0x00000000ef000000, 0x00000000ef000000| Complete 
| 241|0x00000000ef100000, 0x00000000ef200000, 0x00000000ef200000|100%| E|CS|TAMS 0x00000000ef100000, 0x00000000ef100000| Complete 
| 242|0x00000000ef200000, 0x00000000ef300000, 0x00000000ef300000|100%| E|CS|TAMS 0x00000000ef200000, 0x00000000ef200000| Complete 
| 243|0x00000000ef300000, 0x00000000ef400000, 0x00000000ef400000|100%| E|CS|TAMS 0x00000000ef300000, 0x00000000ef300000| Complete 
| 244|0x00000000ef400000, 0x00000000ef500000, 0x00000000ef500000|100%| E|CS|TAMS 0x00000000ef400000, 0x00000000ef400000| Complete 
| 245|0x00000000ef500000, 0x00000000ef600000, 0x00000000ef600000|100%| E|CS|TAMS 0x00000000ef500000, 0x00000000ef500000| Complete 
| 246|0x00000000ef600000, 0x00000000ef700000, 0x00000000ef700000|100%| E|CS|TAMS 0x00000000ef600000, 0x00000000ef600000| Complete 
| 247|0x00000000ef700000, 0x00000000ef800000, 0x00000000ef800000|100%| E|CS|TAMS 0x00000000ef700000, 0x00000000ef700000| Complete 
| 248|0x00000000ef800000, 0x00000000ef900000, 0x00000000ef900000|100%| E|CS|TAMS 0x00000000ef800000, 0x00000000ef800000| Complete 
| 249|0x00000000ef900000, 0x00000000efa00000, 0x00000000efa00000|100%| E|CS|TAMS 0x00000000ef900000, 0x00000000ef900000| Complete 
| 250|0x00000000efa00000, 0x00000000efb00000, 0x00000000efb00000|100%| E|CS|TAMS 0x00000000efa00000, 0x00000000efa00000| Complete 
| 251|0x00000000efb00000, 0x00000000efc00000, 0x00000000efc00000|100%| E|CS|TAMS 0x00000000efb00000, 0x00000000efb00000| Complete 
| 252|0x00000000efc00000, 0x00000000efd00000, 0x00000000efd00000|100%| E|CS|TAMS 0x00000000efc00000, 0x00000000efc00000| Complete 
| 253|0x00000000efd00000, 0x00000000efe00000, 0x00000000efe00000|100%| E|CS|TAMS 0x00000000efd00000, 0x00000000efd00000| Complete 
| 254|0x00000000efe00000, 0x00000000eff00000, 0x00000000eff00000|100%| E|CS|TAMS 0x00000000efe00000, 0x00000000efe00000| Complete 
| 255|0x00000000eff00000, 0x00000000f0000000, 0x00000000f0000000|100%| E|CS|TAMS 0x00000000eff00000, 0x00000000eff00000| Complete 

Card table byte_map: [0x000001801f7a0000,0x000001801f8a0000] _byte_map_base: 0x000001801f0a0000

Marking Bits (Prev, Next): (CMBitMap*) 0x0000018008097f08, (CMBitMap*) 0x0000018008097f40
 Prev Bits: [0x000001801f9a0000, 0x00000180201a0000)
 Next Bits: [0x00000180201a0000, 0x00000180209a0000)

Polling page: 0x00000180061f0000

Metaspace:

Usage:
  Non-class:     42.43 MB capacity,    41.79 MB ( 98%) used,   536.70 KB (  1%) free+waste,   117.31 KB ( <1%) overhead. 
      Class:      6.36 MB capacity,     6.00 MB ( 94%) used,   312.79 KB (  5%) free+waste,    55.19 KB ( <1%) overhead. 
       Both:     48.78 MB capacity,    47.79 MB ( 98%) used,   849.48 KB (  2%) free+waste,   172.50 KB ( <1%) overhead. 

Virtual space:
  Non-class space:       44.00 MB reserved,      42.58 MB ( 97%) committed 
      Class space:      248.00 MB reserved,       6.38 MB (  3%) committed 
             Both:      292.00 MB reserved,      48.95 MB ( 17%) committed 

Chunk freelists:
   Non-Class:  27.00 KB
       Class:  19.00 KB
        Both:  46.00 KB

MaxMetaspaceSize: 256.00 MB
CompressedClassSpaceSize: 248.00 MB
Initial GC threshold: 20.80 MB
Current GC threshold: 58.88 MB
CDS: off

CodeHeap 'non-profiled nmethods': size=120064Kb used=2178Kb max_used=2178Kb free=117885Kb
 bounds [0x0000018018260000, 0x00000180184d0000, 0x000001801f7a0000]
CodeHeap 'profiled nmethods': size=120000Kb used=9893Kb max_used=9893Kb free=110107Kb
 bounds [0x0000018010d30000, 0x00000180116e0000, 0x0000018018260000]
CodeHeap 'non-nmethods': size=5696Kb used=2292Kb max_used=2333Kb free=3403Kb
 bounds [0x00000180107a0000, 0x0000018010a10000, 0x0000018010d30000]
 total_blobs=5418 nmethods=4625 adapters=705
 compilation: enabled
              stopped_count=0, restarted_count=0
 full_count=0

Compilation events (20 events):
Event: 35.272 Thread 0x0000018022fcb800 4694       2       groovyjarjarantlr4.v4.runtime.Lexer::getCharIndex (10 bytes)
Event: 35.272 Thread 0x0000018022fcb800 nmethod 4694 0x00000180116d4b10 code [0x00000180116d4cc0, 0x00000180116d4de8]
Event: 35.279 Thread 0x0000018022fcb800 4695       1       org.apache.groovy.parser.antlr4.GroovyLexer$Paren::getText (5 bytes)
Event: 35.279 Thread 0x0000018022fcb800 nmethod 4695 0x0000018018480490 code [0x0000018018480640, 0x00000180184806f8]
Event: 35.280 Thread 0x0000018022fcb800 4697       2       groovyjarjarantlr4.v4.runtime.atn.LexerActionExecutor::<init> (59 bytes)
Event: 35.281 Thread 0x0000018022fcb800 nmethod 4697 0x00000180116d4e90 code [0x00000180116d5060, 0x00000180116d52e8]
Event: 35.281 Thread 0x0000018022fcb800 4696       2       groovyjarjarantlr4.v4.runtime.atn.LexerActionExecutor::append (54 bytes)
Event: 35.282 Thread 0x0000018022fcb800 nmethod 4696 0x00000180116d5490 code [0x00000180116d5680, 0x00000180116d5b48]
Event: 35.314 Thread 0x0000018022fcb800 4698       2       groovyjarjarantlr4.v4.runtime.Lexer::emit (51 bytes)
Event: 35.315 Thread 0x0000018022fcb800 nmethod 4698 0x00000180116d5d90 code [0x00000180116d5f60, 0x00000180116d61c8]
Event: 35.315 Thread 0x0000018022fcb800 4699       2       groovyjarjarantlr4.v4.runtime.atn.LexerCustomAction::hashCode (40 bytes)
Event: 35.316 Thread 0x0000018022fcb800 nmethod 4699 0x00000180116d6310 code [0x00000180116d64e0, 0x00000180116d6678]
Event: 35.320 Thread 0x0000018022fcb800 4700       2       java.util.ArrayList::equals (62 bytes)
Event: 35.321 Thread 0x0000018022fcb800 nmethod 4700 0x00000180116d6790 code [0x00000180116d6980, 0x00000180116d6ce8]
Event: 35.322 Thread 0x0000018022fcb800 4701       2       groovyjarjarantlr4.v4.runtime.CommonToken::<init> (86 bytes)
Event: 35.323 Thread 0x0000018022fcb800 nmethod 4701 0x00000180116d6e90 code [0x00000180116d7060, 0x00000180116d7378]
Event: 35.365 Thread 0x0000018022fcb800 4702       2       groovyjarjarantlr4.v4.runtime.atn.PredictionContextCache::<init> (43 bytes)
Event: 35.366 Thread 0x0000018022fcb800 nmethod 4702 0x00000180116d7590 code [0x00000180116d7760, 0x00000180116d7ab8]
Event: 35.383 Thread 0x0000018022fcb800 4703       2       java.util.concurrent.atomic.AtomicIntegerArray::<init> (12 bytes)
Event: 35.383 Thread 0x0000018022fcb800 nmethod 4703 0x00000180116d7b90 code [0x00000180116d7d40, 0x00000180116d7f18]

GC Heap History (14 events):
Event: 2.444 GC heap before
{Heap before GC invocations=0 (full 0):
 garbage-first heap   total 262144K, used 16384K [0x00000000e0000000, 0x0000000100000000)
  region size 1024K, 14 young (14336K), 0 survivors (0K)
 Metaspace       used 6806K, capacity 7049K, committed 7168K, reserved 262144K
  class space    used 575K, capacity 650K, committed 768K, reserved 253952K
}
Event: 2.532 GC heap after
{Heap after GC invocations=1 (full 0):
 garbage-first heap   total 262144K, used 4076K [0x00000000e0000000, 0x0000000100000000)
  region size 1024K, 2 young (2048K), 2 survivors (2048K)
 Metaspace       used 6806K, capacity 7049K, committed 7168K, reserved 262144K
  class space    used 575K, capacity 650K, committed 768K, reserved 253952K
}
Event: 5.994 GC heap before
{Heap before GC invocations=1 (full 0):
 garbage-first heap   total 262144K, used 29676K [0x00000000e0000000, 0x0000000100000000)
  region size 1024K, 24 young (24576K), 2 survivors (2048K)
 Metaspace       used 10862K, capacity 11069K, committed 11264K, reserved 264192K
  class space    used 1114K, capacity 1207K, committed 1280K, reserved 253952K
}
Event: 6.003 GC heap after
{Heap after GC invocations=2 (full 0):
 garbage-first heap   total 262144K, used 9691K [0x00000000e0000000, 0x0000000100000000)
  region size 1024K, 3 young (3072K), 3 survivors (3072K)
 Metaspace       used 10862K, capacity 11069K, committed 11264K, reserved 264192K
  class space    used 1114K, capacity 1207K, committed 1280K, reserved 253952K
}
Event: 11.315 GC heap before
{Heap before GC invocations=2 (full 0):
 garbage-first heap   total 262144K, used 37339K [0x00000000e0000000, 0x0000000100000000)
  region size 1024K, 30 young (30720K), 3 survivors (3072K)
 Metaspace       used 10984K, capacity 11197K, committed 11520K, reserved 264192K
  class space    used 1117K, capacity 1207K, committed 1280K, reserved 253952K
}
Event: 11.323 GC heap after
{Heap after GC invocations=3 (full 0):
 garbage-first heap   total 262144K, used 13891K [0x00000000e0000000, 0x0000000100000000)
  region size 1024K, 4 young (4096K), 4 survivors (4096K)
 Metaspace       used 10984K, capacity 11197K, committed 11520K, reserved 264192K
  class space    used 1117K, capacity 1207K, committed 1280K, reserved 253952K
}
Event: 17.886 GC heap before
{Heap before GC invocations=3 (full 0):
 garbage-first heap   total 262144K, used 74307K [0x00000000e0000000, 0x0000000100000000)
  region size 1024K, 64 young (65536K), 4 survivors (4096K)
 Metaspace       used 20776K, capacity 21237K, committed 21296K, reserved 274432K
  class space    used 2501K, capacity 2665K, committed 2688K, reserved 253952K
}
Event: 17.909 GC heap after
{Heap after GC invocations=4 (full 0):
 garbage-first heap   total 262144K, used 17024K [0x00000000e0000000, 0x0000000100000000)
  region size 1024K, 8 young (8192K), 8 survivors (8192K)
 Metaspace       used 20776K, capacity 21237K, committed 21296K, reserved 274432K
  class space    used 2501K, capacity 2665K, committed 2688K, reserved 253952K
}
Event: 21.437 GC heap before
{Heap before GC invocations=5 (full 0):
 garbage-first heap   total 262144K, used 87680K [0x00000000e0000000, 0x0000000100000000)
  region size 1024K, 77 young (78848K), 8 survivors (8192K)
 Metaspace       used 27529K, capacity 28180K, committed 28336K, reserved 278528K
  class space    used 3551K, capacity 3796K, committed 3840K, reserved 253952K
}
Event: 21.476 GC heap after
{Heap after GC invocations=6 (full 0):
 garbage-first heap   total 262144K, used 20033K [0x00000000e0000000, 0x0000000100000000)
  region size 1024K, 6 young (6144K), 6 survivors (6144K)
 Metaspace       used 27529K, capacity 28180K, committed 28336K, reserved 278528K
  class space    used 3551K, capacity 3796K, committed 3840K, reserved 253952K
}
Event: 25.170 GC heap before
{Heap before GC invocations=6 (full 0):
 garbage-first heap   total 262144K, used 62017K [0x00000000e0000000, 0x0000000100000000)
  region size 1024K, 48 young (49152K), 6 survivors (6144K)
 Metaspace       used 34950K, capacity 35740K, committed 35920K, reserved 286720K
  class space    used 4434K, capacity 4763K, committed 4864K, reserved 253952K
}
Event: 25.191 GC heap after
{Heap after GC invocations=7 (full 0):
 garbage-first heap   total 262144K, used 22863K [0x00000000e0000000, 0x0000000100000000)
  region size 1024K, 9 young (9216K), 9 survivors (9216K)
 Metaspace       used 34950K, capacity 35740K, committed 35920K, reserved 286720K
  class space    used 4434K, capacity 4763K, committed 4864K, reserved 253952K
}
Event: 32.017 GC heap before
{Heap before GC invocations=8 (full 0):
 garbage-first heap   total 262144K, used 144719K [0x00000000e0000000, 0x0000000100000000)
  region size 1024K, 125 young (128000K), 9 survivors (9216K)
 Metaspace       used 45047K, capacity 46023K, committed 46032K, reserved 294912K
  class space    used 5645K, capacity 6008K, committed 6016K, reserved 253952K
}
Event: 32.072 GC heap after
{Heap after GC invocations=9 (full 0):
 garbage-first heap   total 262144K, used 30148K [0x00000000e0000000, 0x0000000100000000)
  region size 1024K, 13 young (13312K), 13 survivors (13312K)
 Metaspace       used 45047K, capacity 46023K, committed 46032K, reserved 294912K
  class space    used 5645K, capacity 6008K, committed 6016K, reserved 253952K
}

Deoptimization events (20 events):
Event: 34.366 Thread 0x0000018024582000 DEOPT PACKING pc=0x000001801840d730 sp=0x0000006d62cf8710
Event: 34.366 Thread 0x0000018024582000 DEOPT UNPACKING pc=0x00000180107ea1af sp=0x0000006d62cf86c8 mode 2
Event: 34.379 Thread 0x0000018024582000 Uncommon trap: trap_request=0xffffff4d fr.pc=0x000001801838c170 relative=0x0000000000000310
Event: 34.379 Thread 0x0000018024582000 Uncommon trap: reason=unstable_if action=reinterpret pc=0x000001801838c170 method=org.gradle.internal.reflect.PropertyAccessorType.isGetGetterName(Ljava/lang/String;)Z @ 14 c2
Event: 34.379 Thread 0x0000018024582000 DEOPT PACKING pc=0x000001801838c170 sp=0x0000006d62cf92b0
Event: 34.379 Thread 0x0000018024582000 DEOPT UNPACKING pc=0x00000180107ea1af sp=0x0000006d62cf9208 mode 2
Event: 34.478 Thread 0x0000018024582000 DEOPT PACKING pc=0x0000018010e1a2fa sp=0x0000006d62cf8e60
Event: 34.478 Thread 0x0000018024582000 DEOPT UNPACKING pc=0x00000180107ea95e sp=0x0000006d62cf8448 mode 0
Event: 34.513 Thread 0x0000018024582000 DEOPT PACKING pc=0x00000180115a5426 sp=0x0000006d62cf8e00
Event: 34.513 Thread 0x0000018024582000 DEOPT UNPACKING pc=0x00000180107ea95e sp=0x0000006d62cf82e0 mode 0
Event: 35.159 Thread 0x0000018024582000 DEOPT PACKING pc=0x0000018011473b77 sp=0x0000006d62cf7170
Event: 35.159 Thread 0x0000018024582000 DEOPT UNPACKING pc=0x00000180107ea95e sp=0x0000006d62cf6658 mode 0
Event: 35.232 Thread 0x0000018024582000 DEOPT PACKING pc=0x00000180114585a8 sp=0x0000006d62cf7240
Event: 35.232 Thread 0x0000018024582000 DEOPT UNPACKING pc=0x00000180107ea95e sp=0x0000006d62cf66e0 mode 0
Event: 35.274 Thread 0x0000018024582000 DEOPT PACKING pc=0x00000180114585a8 sp=0x0000006d62cf7700
Event: 35.274 Thread 0x0000018024582000 DEOPT UNPACKING pc=0x00000180107ea95e sp=0x0000006d62cf6ba0 mode 0
Event: 35.366 Thread 0x0000018024582000 DEOPT PACKING pc=0x00000180114585a8 sp=0x0000006d62cf7110
Event: 35.366 Thread 0x0000018024582000 DEOPT UNPACKING pc=0x00000180107ea95e sp=0x0000006d62cf65b0 mode 0
Event: 35.381 Thread 0x0000018024582000 DEOPT PACKING pc=0x00000180114585a8 sp=0x0000006d62cf7110
Event: 35.381 Thread 0x0000018024582000 DEOPT UNPACKING pc=0x00000180107ea95e sp=0x0000006d62cf65b0 mode 0

Classes redefined (0 events):
No events

Internal exceptions (20 events):
Event: 33.027 Thread 0x0000018024582000 Exception <a 'java/lang/ClassNotFoundException'{0x00000000eec0c3a8}: java/lang/SystemCustomizer> (0x00000000eec0c3a8) thrown at [./src/hotspot/share/classfile/systemDictionary.cpp, line 231]
Event: 33.033 Thread 0x0000018024582000 Implicit null exception at 0x0000018018445282 to 0x0000018018445b5c
Event: 33.047 Thread 0x0000018024582000 Exception <a 'java/lang/ClassNotFoundException'{0x00000000eec542a0}: java/io/FileBeanInfo> (0x00000000eec542a0) thrown at [./src/hotspot/share/classfile/systemDictionary.cpp, line 231]
Event: 33.047 Thread 0x0000018024582000 Exception <a 'java/lang/ClassNotFoundException'{0x00000000eec59bc8}: java/io/FileCustomizer> (0x00000000eec59bc8) thrown at [./src/hotspot/share/classfile/systemDictionary.cpp, line 231]
Event: 33.067 Thread 0x0000018024582000 Exception <a 'java/lang/ClassNotFoundException'{0x00000000eecd6168}: groovy/lang/ReferenceBeanInfo> (0x00000000eecd6168) thrown at [./src/hotspot/share/classfile/systemDictionary.cpp, line 231]
Event: 33.079 Thread 0x0000018024582000 Exception <a 'java/lang/ClassNotFoundException'{0x00000000eeb0ce88}: groovy/lang/ReferenceCustomizer> (0x00000000eeb0ce88) thrown at [./src/hotspot/share/classfile/systemDictionary.cpp, line 231]
Event: 33.113 Thread 0x0000018024582000 Exception <a 'java/lang/ClassNotFoundException'{0x00000000eebf4628}: org/gradle/api/internal/artifacts/repositories/DefaultMavenArtifactRepository_DecoratedBeanInfo> (0x00000000eebf4628) thrown at [./src/hotspot/share/classfile/systemDictionary.cpp, line 231]
Event: 33.116 Thread 0x0000018024582000 Exception <a 'java/lang/ClassNotFoundException'{0x00000000eea37178}: org/gradle/api/internal/artifacts/repositories/DefaultMavenArtifactRepositoryBeanInfo> (0x00000000eea37178) thrown at [./src/hotspot/share/classfile/systemDictionary.cpp, line 231]
Event: 33.124 Thread 0x0000018024582000 Exception <a 'java/lang/ClassNotFoundException'{0x00000000eea7c890}: org/gradle/api/internal/artifacts/repositories/AbstractAuthenticationSupportedRepositoryBeanInfo> (0x00000000eea7c890) thrown at [./src/hotspot/share/classfile/systemDictionary.cpp, line 231]
Event: 33.157 Thread 0x0000018024582000 Exception <a 'java/lang/ClassNotFoundException'{0x00000000eeac2628}: org/gradle/api/internal/artifacts/repositories/AbstractResolutionAwareArtifactRepositoryBeanInfo> (0x00000000eeac2628) thrown at [./src/hotspot/share/classfile/systemDictionary.cpp, line 231]
Event: 33.160 Thread 0x0000018024582000 Exception <a 'java/lang/ClassNotFoundException'{0x00000000ee902c80}: org/gradle/api/internal/artifacts/repositories/AbstractArtifactRepositoryBeanInfo> (0x00000000ee902c80) thrown at [./src/hotspot/share/classfile/systemDictionary.cpp, line 231]
Event: 33.162 Thread 0x0000018024582000 Exception <a 'java/lang/ClassNotFoundException'{0x00000000ee9450e8}: org/gradle/api/internal/artifacts/repositories/AbstractArtifactRepositoryCustomizer> (0x00000000ee9450e8) thrown at [./src/hotspot/share/classfile/systemDictionary.cpp, line 231]
Event: 33.172 Thread 0x0000018024582000 Exception <a 'java/lang/ClassNotFoundException'{0x00000000ee9a80e8}: org/gradle/api/internal/artifacts/repositories/AbstractResolutionAwareArtifactRepositoryCustomizer> (0x00000000ee9a80e8) thrown at [./src/hotspot/share/classfile/systemDictionary.cpp, line 231]
Event: 33.175 Thread 0x0000018024582000 Exception <a 'java/lang/ClassNotFoundException'{0x00000000ee9f7208}: org/gradle/api/internal/artifacts/repositories/AbstractAuthenticationSupportedRepositoryCustomizer> (0x00000000ee9f7208) thrown at [./src/hotspot/share/classfile/systemDictionary.cpp, line 231]
Event: 33.180 Thread 0x0000018024582000 Exception <a 'java/lang/ClassNotFoundException'{0x00000000ee84afa8}: org/gradle/api/internal/artifacts/repositories/DefaultMavenArtifactRepositoryCustomizer> (0x00000000ee84afa8) thrown at [./src/hotspot/share/classfile/systemDictionary.cpp, line 231]
Event: 33.189 Thread 0x0000018024582000 Exception <a 'java/lang/ClassNotFoundException'{0x00000000ee8ac8f0}: org/gradle/api/internal/artifacts/repositories/DefaultMavenArtifactRepository_DecoratedCustomizer> (0x00000000ee8ac8f0) thrown at [./src/hotspot/share/classfile/systemDictionary.cpp, line 231]
Event: 33.473 Thread 0x0000018027795800 Exception <a 'sun/nio/fs/WindowsException'{0x00000000ee5ccc20}> (0x00000000ee5ccc20) thrown at [./src/hotspot/share/prims/jni.cpp, line 616]
Event: 33.488 Thread 0x0000018027795800 Exception <a 'sun/nio/fs/WindowsException'{0x00000000ee5f5300}> (0x00000000ee5f5300) thrown at [./src/hotspot/share/prims/jni.cpp, line 616]
Event: 33.490 Thread 0x0000018027795800 Exception <a 'sun/nio/fs/WindowsException'{0x00000000ee5f5498}> (0x00000000ee5f5498) thrown at [./src/hotspot/share/prims/jni.cpp, line 616]
Event: 34.366 Thread 0x0000018024582000 Implicit null exception at 0x000001801833d774 to 0x000001801833d984

Events (20 events):
Event: 34.864 loading class org/gradle/internal/service/scopes/ProjectScopeServices$ScriptScopedContext
Event: 34.864 loading class org/gradle/internal/service/scopes/ProjectScopeServices$ScriptScopedContext done
Event: 34.872 Executing VM operation: RevokeBias
Event: 34.873 Executing VM operation: RevokeBias done
Event: 34.873 Executing VM operation: RevokeBias
Event: 34.874 Executing VM operation: RevokeBias done
Event: 34.874 Executing VM operation: RevokeBias
Event: 34.875 Executing VM operation: RevokeBias done
Event: 34.875 loading class org/gradle/api/internal/project/ProjectInternal
Event: 34.875 loading class org/gradle/api/internal/project/ProjectInternal done
Event: 34.875 loading class org/gradle/configuration/ScriptPlugin
Event: 34.875 loading class org/gradle/configuration/ScriptPlugin done
Event: 34.876 Executing VM operation: RevokeBias
Event: 34.876 Executing VM operation: RevokeBias done
Event: 34.878 loading class org/gradle/configuration/ProjectScriptTarget
Event: 34.878 loading class org/gradle/configuration/ProjectScriptTarget done
Event: 34.879 loading class org/gradle/api/artifacts/VersionCatalogsExtension
Event: 34.879 loading class org/gradle/api/artifacts/VersionCatalogsExtension done
Event: 34.880 loading class org/gradle/api/internal/project/ProjectScript
Event: 34.880 loading class org/gradle/api/internal/project/ProjectScript done


Dynamic libraries:
0x00007ff677de0000 - 0x00007ff677ded000 	C:\Users\Public\wpilib\2022\jdk\bin\java.exe
0x00007ffc465b0000 - 0x00007ffc467a5000 	C:\Windows\SYSTEM32\ntdll.dll
0x00007ffc45b70000 - 0x00007ffc45c2e000 	C:\Windows\System32\KERNEL32.DLL
0x00007ffc44320000 - 0x00007ffc445e8000 	C:\Windows\System32\KERNELBASE.dll
0x00007ffc44140000 - 0x00007ffc44240000 	C:\Windows\System32\ucrtbase.dll
0x00007ffc24920000 - 0x00007ffc24937000 	C:\Users\Public\wpilib\2022\jdk\bin\jli.dll
0x00007ffc29cb0000 - 0x00007ffc29ccb000 	C:\Users\Public\wpilib\2022\jdk\bin\VCRUNTIME140.dll
0x00007ffc44b40000 - 0x00007ffc44ce1000 	C:\Windows\System32\USER32.dll
0x00007ffc44290000 - 0x00007ffc442b2000 	C:\Windows\System32\win32u.dll
0x00007ffc445f0000 - 0x00007ffc4461b000 	C:\Windows\System32\GDI32.dll
0x00007ffc30810000 - 0x00007ffc30aaa000 	C:\Windows\WinSxS\amd64_microsoft.windows.common-controls_6595b64144ccf1df_6.0.19041.1110_none_60b5254171f9507e\COMCTL32.dll
0x00007ffc43fa0000 - 0x00007ffc440ad000 	C:\Windows\System32\gdi32full.dll
0x00007ffc44620000 - 0x00007ffc446be000 	C:\Windows\System32\msvcrt.dll
0x00007ffc43f00000 - 0x00007ffc43f9d000 	C:\Windows\System32\msvcp_win.dll
0x00007ffc46400000 - 0x00007ffc46430000 	C:\Windows\System32\IMM32.DLL
0x00007ffbfe700000 - 0x00007ffbfe78d000 	C:\Users\Public\wpilib\2022\jdk\bin\msvcp140.dll
0x00007ffc3ea40000 - 0x00007ffc3ea4c000 	C:\Users\Public\wpilib\2022\jdk\bin\VCRUNTIME140_1.dll
0x00007ffbed840000 - 0x00007ffbee3be000 	C:\Users\Public\wpilib\2022\jdk\bin\server\jvm.dll
0x00007ffc45c30000 - 0x00007ffc45cdc000 	C:\Windows\System32\ADVAPI32.dll
0x00007ffc44d50000 - 0x00007ffc44deb000 	C:\Windows\System32\sechost.dll
0x00007ffc45ce0000 - 0x00007ffc45e0a000 	C:\Windows\System32\RPCRT4.dll
0x00007ffc45a80000 - 0x00007ffc45a88000 	C:\Windows\System32\PSAPI.DLL
0x00007ffc304d0000 - 0x00007ffc304d9000 	C:\Windows\SYSTEM32\WSOCK32.dll
0x00007ffc458b0000 - 0x00007ffc4591b000 	C:\Windows\System32\WS2_32.dll
0x00007ffc38e90000 - 0x00007ffc38eb7000 	C:\Windows\SYSTEM32\WINMM.dll
0x00007ffc3b7d0000 - 0x00007ffc3b7da000 	C:\Windows\SYSTEM32\VERSION.dll
0x00007ffc42540000 - 0x00007ffc42552000 	C:\Windows\SYSTEM32\kernel.appcore.dll
0x00007ffc3e090000 - 0x00007ffc3e0a0000 	C:\Users\Public\wpilib\2022\jdk\bin\verify.dll
0x00007ffc41b80000 - 0x00007ffc41d64000 	C:\Windows\SYSTEM32\DBGHELP.DLL
0x00007ffc2fec0000 - 0x00007ffc2feec000 	C:\Windows\SYSTEM32\dbgcore.DLL
0x00007ffc440b0000 - 0x00007ffc44132000 	C:\Windows\System32\bcryptPrimitives.dll
0x00007ffc1cdd0000 - 0x00007ffc1cdf8000 	C:\Users\Public\wpilib\2022\jdk\bin\java.dll
0x00007ffc3db00000 - 0x00007ffc3db0a000 	C:\Users\Public\wpilib\2022\jdk\bin\jimage.dll
0x00007ffc1c480000 - 0x00007ffc1c497000 	C:\Users\Public\wpilib\2022\jdk\bin\zip.dll
0x00007ffc45140000 - 0x00007ffc45884000 	C:\Windows\System32\SHELL32.dll
0x00007ffc41d90000 - 0x00007ffc42524000 	C:\Windows\SYSTEM32\windows.storage.dll
0x00007ffc45e10000 - 0x00007ffc46165000 	C:\Windows\System32\combase.dll
0x00007ffc43640000 - 0x00007ffc4366e000 	C:\Windows\SYSTEM32\Wldp.dll
0x00007ffc44ec0000 - 0x00007ffc44f6d000 	C:\Windows\System32\SHCORE.dll
0x00007ffc45a20000 - 0x00007ffc45a75000 	C:\Windows\System32\shlwapi.dll
0x00007ffc43c00000 - 0x00007ffc43c1f000 	C:\Windows\SYSTEM32\profapi.dll
0x00007ffc1c440000 - 0x00007ffc1c459000 	C:\Users\Public\wpilib\2022\jdk\bin\net.dll
0x00007ffc35750000 - 0x00007ffc3585c000 	C:\Windows\SYSTEM32\WINHTTP.dll
0x00007ffc433a0000 - 0x00007ffc4340a000 	C:\Windows\system32\mswsock.dll
0x00007ffc1c420000 - 0x00007ffc1c432000 	C:\Users\Public\wpilib\2022\jdk\bin\nio.dll
0x00007ffc17540000 - 0x00007ffc17567000 	C:\Users\wyre robotics\.gradle\native\e1d6ef7f7dcc3fd88c89a11ec53ec762bb8ba0a96d01ffa2cd45eb1d1d8dd5c5\windows-amd64\native-platform.dll
0x00007ffbfe5b0000 - 0x00007ffbfe6f4000 	C:\Users\wyre robotics\.gradle\native\5664cfc778a61ccfe75a443a1ab52a65af34e5dc3c78e0209fed803814484fcb\windows-amd64\native-platform-file-events.dll
0x00007ffc1c410000 - 0x00007ffc1c419000 	C:\Users\Public\wpilib\2022\jdk\bin\management.dll
0x00007ffc18700000 - 0x00007ffc1870b000 	C:\Users\Public\wpilib\2022\jdk\bin\management_ext.dll
0x00007ffc43590000 - 0x00007ffc435a8000 	C:\Windows\SYSTEM32\CRYPTSP.dll
0x00007ffc42d20000 - 0x00007ffc42d54000 	C:\Windows\system32\rsaenh.dll
0x00007ffc43d70000 - 0x00007ffc43d97000 	C:\Windows\System32\bcrypt.dll
0x00007ffc43bc0000 - 0x00007ffc43bee000 	C:\Windows\SYSTEM32\USERENV.dll
0x00007ffc435b0000 - 0x00007ffc435bc000 	C:\Windows\SYSTEM32\CRYPTBASE.dll
0x00007ffc43090000 - 0x00007ffc430cb000 	C:\Windows\SYSTEM32\IPHLPAPI.DLL
0x00007ffc45980000 - 0x00007ffc45988000 	C:\Windows\System32\NSI.dll
0x00007ffc3ab70000 - 0x00007ffc3ab87000 	C:\Windows\SYSTEM32\dhcpcsvc6.DLL
0x00007ffc3b430000 - 0x00007ffc3b44d000 	C:\Windows\SYSTEM32\dhcpcsvc.DLL
0x00007ffc430d0000 - 0x00007ffc4319b000 	C:\Windows\SYSTEM32\DNSAPI.dll

dbghelp: loaded successfully - version: 4.0.5 - missing functions: none
symbol engine: initialized successfully - sym options: 0x614 - pdb path: .;C:\Users\Public\wpilib\2022\jdk\bin;C:\Windows\SYSTEM32;C:\Windows\WinSxS\amd64_microsoft.windows.common-controls_6595b64144ccf1df_6.0.19041.1110_none_60b5254171f9507e;C:\Users\Public\wpilib\2022\jdk\bin\server;C:\Users\wyre robotics\.gradle\native\e1d6ef7f7dcc3fd88c89a11ec53ec762bb8ba0a96d01ffa2cd45eb1d1d8dd5c5\windows-amd64;C:\Users\wyre robotics\.gradle\native\5664cfc778a61ccfe75a443a1ab52a65af34e5dc3c78e0209fed803814484fcb\windows-amd64

VM Arguments:
jvm_args: --add-opens=java.base/java.util=ALL-UNNAMED --add-opens=java.base/java.lang=ALL-UNNAMED --add-opens=java.base/java.lang.invoke=ALL-UNNAMED --add-opens=java.base/java.util=ALL-UNNAMED --add-opens=java.prefs/java.util.prefs=ALL-UNNAMED --add-opens=java.prefs/java.util.prefs=ALL-UNNAMED --add-opens=java.base/java.nio.charset=ALL-UNNAMED --add-opens=java.base/java.net=ALL-UNNAMED --add-opens=java.base/java.util.concurrent.atomic=ALL-UNNAMED -XX:MaxMetaspaceSize=256m -XX:+HeapDumpOnOutOfMemoryError -Xms256m -Xmx512m -Dfile.encoding=windows-1252 -Duser.country=US -Duser.language=en -Duser.variant 
java_command: org.gradle.launcher.daemon.bootstrap.GradleDaemon 7.3.3
java_class_path (initial): C:\Users\wyre robotics\.gradle\permwrapper\dists\gradle-7.3.3-bin\6a41zxkdtcxs8rphpq6y0069z\gradle-7.3.3\lib\gradle-launcher-7.3.3.jar
Launcher Type: SUN_STANDARD

[Global flags]
     intx CICompilerCount                          = 3                                         {product} {ergonomic}
   size_t CompressedClassSpaceSize                 = 260046848                                 {product} {ergonomic}
     uint ConcGCThreads                            = 1                                         {product} {ergonomic}
     uint G1ConcRefinementThreads                  = 4                                         {product} {ergonomic}
   size_t G1HeapRegionSize                         = 1048576                                   {product} {ergonomic}
    uintx GCDrainStackTargetSize                   = 64                                        {product} {ergonomic}
     bool HeapDumpOnOutOfMemoryError               = true                                   {manageable} {command line}
   size_t InitialHeapSize                          = 268435456                                 {product} {command line}
   size_t MarkStackSize                            = 4194304                                   {product} {ergonomic}
   size_t MaxHeapSize                              = 536870912                                 {product} {command line}
   size_t MaxMetaspaceSize                         = 268435456                                 {product} {command line}
   size_t MaxNewSize                               = 321912832                                 {product} {ergonomic}
   size_t MinHeapDeltaBytes                        = 1048576                                   {product} {ergonomic}
    uintx NonNMethodCodeHeapSize                   = 5830732                                {pd product} {ergonomic}
    uintx NonProfiledCodeHeapSize                  = 122913754                              {pd product} {ergonomic}
    uintx ProfiledCodeHeapSize                     = 122913754                              {pd product} {ergonomic}
    uintx ReservedCodeCacheSize                    = 251658240                              {pd product} {ergonomic}
     bool SegmentedCodeCache                       = true                                      {product} {ergonomic}
     bool UseCompressedClassPointers               = true                                 {lp64_product} {ergonomic}
     bool UseCompressedOops                        = true                                 {lp64_product} {ergonomic}
     bool UseG1GC                                  = true                                      {product} {ergonomic}
     bool UseLargePagesIndividualAllocation        = false                                  {pd product} {ergonomic}

Logging:
Log output configuration:
 #0: stdout all=warning uptime,level,tags
 #1: stderr all=off uptime,level,tags

Environment Variables:
JAVA_HOME=C:\Users\Public\wpilib\2022\jdk
CLASSPATH=C:\Users\wyre robotics\Downloads\wyre-main\robot\\gradle\wrapper\gradle-wrapper.jar
PATH=C:\Users\Public\wpilib\2022\jdk\bin;C:\Program Files\National Instruments\Shared\OpenVINO\;C:\Windows\system32;C:\Windows;C:\Windows\System32\Wbem;C:\Windows\System32\WindowsPowerShell\v1.0\;C:\Windows\System32\OpenSSH\;C:\Program Files (x86)\IVI Foundation\VISA\WinNT\Bin\;C:\Program Files\IVI Foundation\VISA\Win64\Bin\;C:\Program Files (x86)\National Instruments\Shared\LabVIEW CLI;C:\Users\wyre robotics\AppData\Local\Microsoft\WindowsApps;
USERNAME=wyre robotics
LANG=en_US.UTF-8
OS=Windows_NT
PROCESSOR_IDENTIFIER=AMD64 Family 23 Model 32 Stepping 1, AuthenticAMD



---------------  S Y S T E M  ---------------

OS: Windows 10 , 64 bit Build 19041 (10.0.19041.1348)
OS uptime: 0 days 1:21 hours

CPU:total 4 (initial active 4) (4 cores per cpu, 2 threads per core) family 23 model 32 stepping 1 microcode 0x0, cmov, cx8, fxsr, mmx, sse, sse2, sse3, ssse3, sse4.1, sse4.2, popcnt, avx, avx2, aes, clmul, mmxext, 3dnowpref, lzcnt, sse4a, ht, tsc, tscinvbit, tscinv, bmi1, bmi2, adx, sha, fma

Memory: 4k page, system-wide physical 3467M (261M free)
TotalPageFile size 7253M (AvailPageFile size 0M)
current process WorkingSet (physical memory assigned to process): 304M, peak: 304M
current process commit charge ("private bytes"): 438M, peak: 440M

vm_info: OpenJDK 64-Bit Server VM (11.0.13+8) for windows-amd64 JRE (11.0.13+8), built on Oct 19 2021 17:05:59 by "" with unknown MS VC++:1916

END.
